=== POLL 2026-04-17T05:19:19Z ===
2026-04-17T05:18:09.009000+00:00 [AutoArchive - Arona] 메시지 처리 시간이 초과되었습니다. 다시 시도해주세요.
2026-04-17T05:18:08.605000+00:00 [AutoArchive - Arona] 메시지 처리 시간이 초과되었습니다. 다시 시도해주세요.
2026-04-17T05:17:40.870000+00:00 [AutoArchive - Arona] 생각 중...
2026-04-17T05:17:39.086000+00:00 [AutoArchive - Arona] 생각 중...
2026-04-17T05:14:39.078000+00:00 [AutoArchive - Arona] 작업이 실패했습니다. [세션 로그](https://discord.com/channels/1476114038743367713/1494566676643975279)
2026-04-17T05:14:33.560000+00:00 [AutoArchive - Arona] 작업이 실패했습니다. [세션 로그](https://discord.com/channels/1476114038743367713/1494566651272757298)
2026-04-17T05:14:13.903000+00:00 [AutoArchive - Arona] 작업이 실패했습니다. [세션 로그](https://discord.com/channels/1476114038743367713/1494566676643975279)
2026-04-17T05:14:13.306000+00:00 [AutoArchive - Arona] 작업이 실패했습니다. [세션 로그](https://discord.com/channels/1476114038743367713/1494566651272757298)
2026-04-17T05:06:27.117000+00:00 [AutoArchive - Arona] > 🔄 *새 대화가 시작되었습니다*

**안녕하세요!** 저는 Auto Archive 에이전트입니다.
자연어로 대화하거나, "~해줘" 형태의 요청으로 작업을 실행할 수 있습니다.

---
WU1_SMOKE_1776402353
2026-04-17T05:06:25.794000+00:00 [AutoArchive - Arona] > 🔄 *새 대화가 시작되었습니다*

**안녕하세요!** 저는 Auto Archive 에이전트입니다.
자연어로 대화하거나, "~해줘" 형태의 요청으로 작업을 실행할 수 있습니다.

---
WU1_SMOKE_1776402353
2026-04-17T01:14:35.175000+00:00 [AutoArchive - Arona] [STEER-TITANS-SYNTHESIS-1776388456] ## 120M Titans vs Optimized Transformer — Final Evaluation

### 1) Gate-by-gate Verdict
- **Parameter band (110M–130M): PASS**  
  - Transformer: 110,283,264 / Titans: 110,316,672
- **Parameter ratio (≤ 1.10): PASS**  
  - 1.000303
- **Runtime ratio (< 2.0): PASS**  
  - 0.973051 (Titans faster)
- **torch.compile evidence: PASS**  
  - `compile=True`
- **SDPA/flash evidence: PASS**  
  - Evidence previously checked and verified
- **AMP/dtype evidence: PASS**  
2026-04-17T01:10:31.586000+00:00 [AutoArchive - Plana] [STEER-TITANS-VERIFY-PLANA-1776388216] **PASS**

Arona의 수치/로직 판정은 주어진 flattened evidence와 일치합니다.

- `param_ratio=1.0004` vs 기준 `<= 1.1` → **통과**
- `runtime_ratio=0.973` vs 기준 `< 2.0` → **통과**
- `peak_memory_ratio=1.17` → 질문의 고정 필수 게이트에 포함되지 않았고, **경고(WARN)**로 분리한 것도 로직상 타당

산술/논리 오류: **없음**.
2026-04-17T01:06:04.337000+00:00 [AutoArchive - Arona] [STEER-TITANS-RETRY2-1776387927] 네, 제공된 수치만 기준으로 보면 다음과 같습니다.

1) **Titans가 더 빠른가?**  
- **예, 더 빠릅니다.**  
- Transformer: **105.7207 ms/step**  
- Titans: **102.8717 ms/step**  
- 차이: **약 2.8490 ms/step** (105.7207 - 102.8717)  
- runtime_ratio도 **0.973051**로 1보다 작아 Titans 우위입니다.

2) **Loss 개선폭?**  
- Transformer loss: **58.8243**  
- Titans loss: **41.7409**  
- 절대 감소: **약 17.0834**  
- 상대 감소율: **약 29.0% 개선** \(\frac{58.8243-41.7409}{58.8243}\)

3) **메모리 오버헤드 비율?**  
- 제공된 **mem_ratio = 1.169774
=== DETECTED EVIDENCE at 2026-04-17T05:19:19Z ===
=== POLL LOOP END 2026-04-17T05:19:20Z ===
=== POLL 2026-04-17T05:21:56Z ===
2026-04-17T05:18:09.009000+00:00 [AutoArchive - Arona|1476113538320957451] 메시지 처리 시간이 초과되었습니다. 다시 시도해주세요.
2026-04-17T05:18:08.605000+00:00 [AutoArchive - Arona|1476113538320957451] 메시지 처리 시간이 초과되었습니다. 다시 시도해주세요.
2026-04-17T05:17:40.870000+00:00 [AutoArchive - Arona|1476113538320957451] 죄송합니다, 응답을 생성하는 중 오류가 발생했습니다. 잠시 후 다시 시도해 주세요.
다시 메시지를 보내 재시도하거나, 문제가 지속되면 `/help`를 사용해 주세요.
참조: 451dfbbd
2026-04-17T05:17:39.086000+00:00 [AutoArchive - Arona|1476113538320957451] 죄송합니다, 응답을 생성하는 중 오류가 발생했습니다. 잠시 후 다시 시도해 주세요.
다시 메시지를 보내 재시도하거나, 문제가 지속되면 `/help`를 사용해 주세요.
참조: cbeaa91a
2026-04-17T05:14:39.078000+00:00 [AutoArchive - Arona|1476113538320957451] 작업이 실패했습니다. [세션 로그](https://discord.com/channels/1476114038743367713/1494566676643975279)
2026-04-17T05:14:33.560000+00:00 [AutoArchive - Arona|1476113538320957451] 작업이 실패했습니다. [세션 로그](https://discord.com/channels/1476114038743367713/1494566651272757298)
2026-04-17T05:14:13.903000+00:00 [AutoArchive - Arona|1476113538320957451] 작업이 실패했습니다. [세션 로그](https://discord.com/channels/1476114038743367713/1494566676643975279)
2026-04-17T05:14:13.306000+00:00 [AutoArchive - Arona|1476113538320957451] 작업이 실패했습니다. [세션 로그](https://discord.com/channels/1476114038743367713/1494566651272757298)
2026-04-17T05:06:27.117000+00:00 [AutoArchive - Arona|1476113538320957451] > 🔄 *새 대화가 시작되었습니다*

**안녕하세요!** 저는 Auto Archive 에이전트입니다.
자연어로 대화하거나, "~해줘" 형태의 요청으로 작업을 실행할 수 있습니다.

---
WU1_SMOKE_1776402353
2026-04-17T05:06:25.794000+00:00 [AutoArchive - Arona|1476113538320957451] > 🔄 *새 대화가 시작되었습니다*

**안녕하세요!** 저는 Auto Archive 에이전트입니다.
자연어로 대화하거나, "~해줘" 형태의 요청으로 작업을 실행할 수 있습니다.

---
WU1_SMOKE_1776402353
2026-04-17T01:14:35.175000+00:00 [AutoArchive - Arona|1476113538320957451] [STEER-TITANS-SYNTHESIS-1776388456] ## 120M Titans vs Optimized Transformer — Final Evaluation

### 1) Gate-by-gate Verdict
- **Parameter band (110M–130M): PASS**  
  - Transformer: 110,283,264 / Titans: 110,316,672
- **Parameter ratio (≤ 1.10): PASS**  
  - 1.000303
- **Runtime ratio (< 2.0): PASS**  
  - 0.973051 (Titans faster)
- **torch.compile evidence: PASS**  
  - `compile=True`
- **SDPA/flash evidence: PASS**  
  - Evidence previously checked and verified
- **AMP/dtype evidence: PASS**  
  - Evidence previously checked and verified
- **TF32 evidence: PASS**  
  - Evidence previously ch
2026-04-17T01:10:31.586000+00:00 [AutoArchive - Plana|1494347028971655238] [STEER-TITANS-VERIFY-PLANA-1776388216] **PASS**

Arona의 수치/로직 판정은 주어진 flattened evidence와 일치합니다.

- `param_ratio=1.0004` vs 기준 `<= 1.1` → **통과**
- `runtime_ratio=0.973` vs 기준 `< 2.0` → **통과**
- `peak_memory_ratio=1.17` → 질문의 고정 필수 게이트에 포함되지 않았고, **경고(WARN)**로 분리한 것도 로직상 타당

산술/논리 오류: **없음**.
2026-04-17T01:06:04.337000+00:00 [AutoArchive - Arona|1476113538320957451] [STEER-TITANS-RETRY2-1776387927] 네, 제공된 수치만 기준으로 보면 다음과 같습니다.

1) **Titans가 더 빠른가?**  
- **예, 더 빠릅니다.**  
- Transformer: **105.7207 ms/step**  
- Titans: **102.8717 ms/step**  
- 차이: **약 2.8490 ms/step** (105.7207 - 102.8717)  
- runtime_ratio도 **0.973051**로 1보다 작아 Titans 우위입니다.

2) **Loss 개선폭?**  
- Transformer loss: **58.8243**  
- Titans loss: **41.7409**  
- 절대 감소: **약 17.0834**  
- 상대 감소율: **약 29.0% 개선** \(\frac{58.8243-41.7409}{58.8243}\)

3) **메모리 오버헤드 비율?**  
- 제공된 **mem_ratio = 1.169774**  
- 즉 Titans peak memory가 Transformer 대비 **약 16.98% 높음**  
- (2,704,602,624 bytes → 3,163,773,952
=== POLL 2026-04-17T05:22:56Z ===
2026-04-17T05:22:46.861000+00:00 [AutoArchive - Arona|1476113538320957451] 생각 중...
2026-04-17T05:22:45.925000+00:00 [AutoArchive - Arona|1476113538320957451] 생각 중...
2026-04-17T05:18:09.009000+00:00 [AutoArchive - Arona|1476113538320957451] 메시지 처리 시간이 초과되었습니다. 다시 시도해주세요.
2026-04-17T05:18:08.605000+00:00 [AutoArchive - Arona|1476113538320957451] 메시지 처리 시간이 초과되었습니다. 다시 시도해주세요.
2026-04-17T05:17:40.870000+00:00 [AutoArchive - Arona|1476113538320957451] 죄송합니다, 응답을 생성하는 중 오류가 발생했습니다. 잠시 후 다시 시도해 주세요.
다시 메시지를 보내 재시도하거나, 문제가 지속되면 `/help`를 사용해 주세요.
참조: 451dfbbd
2026-04-17T05:17:39.086000+00:00 [AutoArchive - Arona|1476113538320957451] 죄송합니다, 응답을 생성하는 중 오류가 발생했습니다. 잠시 후 다시 시도해 주세요.
다시 메시지를 보내 재시도하거나, 문제가 지속되면 `/help`를 사용해 주세요.
참조: cbeaa91a
2026-04-17T05:14:39.078000+00:00 [AutoArchive - Arona|1476113538320957451] 작업이 실패했습니다. [세션 로그](https://discord.com/channels/1476114038743367713/1494566676643975279)
2026-04-17T05:14:33.560000+00:00 [AutoArchive - Arona|1476113538320957451] 작업이 실패했습니다. [세션 로그](https://discord.com/channels/1476114038743367713/1494566651272757298)
2026-04-17T05:14:13.903000+00:00 [AutoArchive - Arona|1476113538320957451] 작업이 실패했습니다. [세션 로그](https://discord.com/channels/1476114038743367713/1494566676643975279)
2026-04-17T05:14:13.306000+00:00 [AutoArchive - Arona|1476113538320957451] 작업이 실패했습니다. [세션 로그](https://discord.com/channels/1476114038743367713/1494566651272757298)
2026-04-17T05:06:27.117000+00:00 [AutoArchive - Arona|1476113538320957451] > 🔄 *새 대화가 시작되었습니다*

**안녕하세요!** 저는 Auto Archive 에이전트입니다.
자연어로 대화하거나, "~해줘" 형태의 요청으로 작업을 실행할 수 있습니다.

---
WU1_SMOKE_1776402353
2026-04-17T05:06:25.794000+00:00 [AutoArchive - Arona|1476113538320957451] > 🔄 *새 대화가 시작되었습니다*

**안녕하세요!** 저는 Auto Archive 에이전트입니다.
자연어로 대화하거나, "~해줘" 형태의 요청으로 작업을 실행할 수 있습니다.

---
WU1_SMOKE_1776402353
2026-04-17T01:14:35.175000+00:00 [AutoArchive - Arona|1476113538320957451] [STEER-TITANS-SYNTHESIS-1776388456] ## 120M Titans vs Optimized Transformer — Final Evaluation

### 1) Gate-by-gate Verdict
- **Parameter band (110M–130M): PASS**  
  - Transformer: 110,283,264 / Titans: 110,316,672
- **Parameter ratio (≤ 1.10): PASS**  
  - 1.000303
- **Runtime ratio (< 2.0): PASS**  
  - 0.973051 (Titans faster)
- **torch.compile evidence: PASS**  
  - `compile=True`
- **SDPA/flash evidence: PASS**  
  - Evidence previously checked and verified
- **AMP/dtype evidence: PASS**  
  - Evidence previously checked and verified
- **TF32 evidence: PASS**  
  - Evidence previously ch
2026-04-17T01:10:31.586000+00:00 [AutoArchive - Plana|1494347028971655238] [STEER-TITANS-VERIFY-PLANA-1776388216] **PASS**

Arona의 수치/로직 판정은 주어진 flattened evidence와 일치합니다.

- `param_ratio=1.0004` vs 기준 `<= 1.1` → **통과**
- `runtime_ratio=0.973` vs 기준 `< 2.0` → **통과**
- `peak_memory_ratio=1.17` → 질문의 고정 필수 게이트에 포함되지 않았고, **경고(WARN)**로 분리한 것도 로직상 타당

산술/논리 오류: **없음**.
2026-04-17T01:06:04.337000+00:00 [AutoArchive - Arona|1476113538320957451] [STEER-TITANS-RETRY2-1776387927] 네, 제공된 수치만 기준으로 보면 다음과 같습니다.

1) **Titans가 더 빠른가?**  
- **예, 더 빠릅니다.**  
- Transformer: **105.7207 ms/step**  
- Titans: **102.8717 ms/step**  
- 차이: **약 2.8490 ms/step** (105.7207 - 102.8717)  
- runtime_ratio도 **0.973051**로 1보다 작아 Titans 우위입니다.

2) **Loss 개선폭?**  
- Transformer loss: **58.8243**  
- Titans loss: **41.7409**  
- 절대 감소: **약 17.0834**  
- 상대 감소율: **약 29.0% 개선** \(\frac{58.8243-41.7409}{58.8243}\)

3) **메모리 오버헤드 비율?**  
- 제공된 **mem_ratio = 1.169774**  
- 즉 Titans peak memory가 Transformer 대비 **약 16.98% 높음**  
- (2,704,602,624 bytes → 3,163,773,952
=== POLL 2026-04-17T05:23:57Z ===
2026-04-17T05:23:15.321000+00:00 [AutoArchive - Arona|1476113538320957451] 메시지 처리 시간이 초과되었습니다. 다시 시도해주세요.
2026-04-17T05:23:15.321000+00:00 [AutoArchive - Arona|1476113538320957451] 메시지 처리 시간이 초과되었습니다. 다시 시도해주세요.
2026-04-17T05:22:46.861000+00:00 [AutoArchive - Arona|1476113538320957451] 생각 중...
2026-04-17T05:22:45.925000+00:00 [AutoArchive - Arona|1476113538320957451] 생각 중...
2026-04-17T05:18:09.009000+00:00 [AutoArchive - Arona|1476113538320957451] 메시지 처리 시간이 초과되었습니다. 다시 시도해주세요.
2026-04-17T05:18:08.605000+00:00 [AutoArchive - Arona|1476113538320957451] 메시지 처리 시간이 초과되었습니다. 다시 시도해주세요.
2026-04-17T05:17:40.870000+00:00 [AutoArchive - Arona|1476113538320957451] 죄송합니다, 응답을 생성하는 중 오류가 발생했습니다. 잠시 후 다시 시도해 주세요.
다시 메시지를 보내 재시도하거나, 문제가 지속되면 `/help`를 사용해 주세요.
참조: 451dfbbd
2026-04-17T05:17:39.086000+00:00 [AutoArchive - Arona|1476113538320957451] 죄송합니다, 응답을 생성하는 중 오류가 발생했습니다. 잠시 후 다시 시도해 주세요.
다시 메시지를 보내 재시도하거나, 문제가 지속되면 `/help`를 사용해 주세요.
참조: cbeaa91a
2026-04-17T05:14:39.078000+00:00 [AutoArchive - Arona|1476113538320957451] 작업이 실패했습니다. [세션 로그](https://discord.com/channels/1476114038743367713/1494566676643975279)
2026-04-17T05:14:33.560000+00:00 [AutoArchive - Arona|1476113538320957451] 작업이 실패했습니다. [세션 로그](https://discord.com/channels/1476114038743367713/1494566651272757298)
2026-04-17T05:14:13.903000+00:00 [AutoArchive - Arona|1476113538320957451] 작업이 실패했습니다. [세션 로그](https://discord.com/channels/1476114038743367713/1494566676643975279)
2026-04-17T05:14:13.306000+00:00 [AutoArchive - Arona|1476113538320957451] 작업이 실패했습니다. [세션 로그](https://discord.com/channels/1476114038743367713/1494566651272757298)
2026-04-17T05:06:27.117000+00:00 [AutoArchive - Arona|1476113538320957451] > 🔄 *새 대화가 시작되었습니다*

**안녕하세요!** 저는 Auto Archive 에이전트입니다.
자연어로 대화하거나, "~해줘" 형태의 요청으로 작업을 실행할 수 있습니다.

---
WU1_SMOKE_1776402353
2026-04-17T05:06:25.794000+00:00 [AutoArchive - Arona|1476113538320957451] > 🔄 *새 대화가 시작되었습니다*

**안녕하세요!** 저는 Auto Archive 에이전트입니다.
자연어로 대화하거나, "~해줘" 형태의 요청으로 작업을 실행할 수 있습니다.

---
WU1_SMOKE_1776402353
2026-04-17T01:14:35.175000+00:00 [AutoArchive - Arona|1476113538320957451] [STEER-TITANS-SYNTHESIS-1776388456] ## 120M Titans vs Optimized Transformer — Final Evaluation

### 1) Gate-by-gate Verdict
- **Parameter band (110M–130M): PASS**  
  - Transformer: 110,283,264 / Titans: 110,316,672
- **Parameter ratio (≤ 1.10): PASS**  
  - 1.000303
- **Runtime ratio (< 2.0): PASS**  
  - 0.973051 (Titans faster)
- **torch.compile evidence: PASS**  
  - `compile=True`
- **SDPA/flash evidence: PASS**  
  - Evidence previously checked and verified
- **AMP/dtype evidence: PASS**  
  - Evidence previously checked and verified
- **TF32 evidence: PASS**  
  - Evidence previously ch
2026-04-17T01:10:31.586000+00:00 [AutoArchive - Plana|1494347028971655238] [STEER-TITANS-VERIFY-PLANA-1776388216] **PASS**

Arona의 수치/로직 판정은 주어진 flattened evidence와 일치합니다.

- `param_ratio=1.0004` vs 기준 `<= 1.1` → **통과**
- `runtime_ratio=0.973` vs 기준 `< 2.0` → **통과**
- `peak_memory_ratio=1.17` → 질문의 고정 필수 게이트에 포함되지 않았고, **경고(WARN)**로 분리한 것도 로직상 타당

산술/논리 오류: **없음**.
2026-04-17T01:06:04.337000+00:00 [AutoArchive - Arona|1476113538320957451] [STEER-TITANS-RETRY2-1776387927] 네, 제공된 수치만 기준으로 보면 다음과 같습니다.

1) **Titans가 더 빠른가?**  
- **예, 더 빠릅니다.**  
- Transformer: **105.7207 ms/step**  
- Titans: **102.8717 ms/step**  
- 차이: **약 2.8490 ms/step** (105.7207 - 102.8717)  
- runtime_ratio도 **0.973051**로 1보다 작아 Titans 우위입니다.

2) **Loss 개선폭?**  
- Transformer loss: **58.8243**  
- Titans loss: **41.7409**  
- 절대 감소: **약 17.0834**  
- 상대 감소율: **약 29.0% 개선** \(\frac{58.8243-41.7409}{58.8243}\)

3) **메모리 오버헤드 비율?**  
- 제공된 **mem_ratio = 1.169774**  
- 즉 Titans peak memory가 Transformer 대비 **약 16.98% 높음**  
- (2,704,602,624 bytes → 3,163,773,952
=== POLL 2026-04-17T05:24:57Z ===
2026-04-17T05:23:15.321000+00:00 [AutoArchive - Arona|1476113538320957451] 메시지 처리 시간이 초과되었습니다. 다시 시도해주세요.
2026-04-17T05:23:15.321000+00:00 [AutoArchive - Arona|1476113538320957451] 메시지 처리 시간이 초과되었습니다. 다시 시도해주세요.
2026-04-17T05:22:46.861000+00:00 [AutoArchive - Arona|1476113538320957451] 죄송합니다, 응답을 생성하는 중 오류가 발생했습니다. 잠시 후 다시 시도해 주세요.
다시 메시지를 보내 재시도하거나, 문제가 지속되면 `/help`를 사용해 주세요.
참조: 180eddc4
2026-04-17T05:22:45.925000+00:00 [AutoArchive - Arona|1476113538320957451] 죄송합니다, 응답을 생성하는 중 오류가 발생했습니다. 잠시 후 다시 시도해 주세요.
다시 메시지를 보내 재시도하거나, 문제가 지속되면 `/help`를 사용해 주세요.
참조: 93d5b7a4
2026-04-17T05:18:09.009000+00:00 [AutoArchive - Arona|1476113538320957451] 메시지 처리 시간이 초과되었습니다. 다시 시도해주세요.
2026-04-17T05:18:08.605000+00:00 [AutoArchive - Arona|1476113538320957451] 메시지 처리 시간이 초과되었습니다. 다시 시도해주세요.
2026-04-17T05:17:40.870000+00:00 [AutoArchive - Arona|1476113538320957451] 죄송합니다, 응답을 생성하는 중 오류가 발생했습니다. 잠시 후 다시 시도해 주세요.
다시 메시지를 보내 재시도하거나, 문제가 지속되면 `/help`를 사용해 주세요.
참조: 451dfbbd
2026-04-17T05:17:39.086000+00:00 [AutoArchive - Arona|1476113538320957451] 죄송합니다, 응답을 생성하는 중 오류가 발생했습니다. 잠시 후 다시 시도해 주세요.
다시 메시지를 보내 재시도하거나, 문제가 지속되면 `/help`를 사용해 주세요.
참조: cbeaa91a
2026-04-17T05:14:39.078000+00:00 [AutoArchive - Arona|1476113538320957451] 작업이 실패했습니다. [세션 로그](https://discord.com/channels/1476114038743367713/1494566676643975279)
2026-04-17T05:14:33.560000+00:00 [AutoArchive - Arona|1476113538320957451] 작업이 실패했습니다. [세션 로그](https://discord.com/channels/1476114038743367713/1494566651272757298)
2026-04-17T05:14:13.903000+00:00 [AutoArchive - Arona|1476113538320957451] 작업이 실패했습니다. [세션 로그](https://discord.com/channels/1476114038743367713/1494566676643975279)
2026-04-17T05:14:13.306000+00:00 [AutoArchive - Arona|1476113538320957451] 작업이 실패했습니다. [세션 로그](https://discord.com/channels/1476114038743367713/1494566651272757298)
2026-04-17T05:06:27.117000+00:00 [AutoArchive - Arona|1476113538320957451] > 🔄 *새 대화가 시작되었습니다*

**안녕하세요!** 저는 Auto Archive 에이전트입니다.
자연어로 대화하거나, "~해줘" 형태의 요청으로 작업을 실행할 수 있습니다.

---
WU1_SMOKE_1776402353
2026-04-17T05:06:25.794000+00:00 [AutoArchive - Arona|1476113538320957451] > 🔄 *새 대화가 시작되었습니다*

**안녕하세요!** 저는 Auto Archive 에이전트입니다.
자연어로 대화하거나, "~해줘" 형태의 요청으로 작업을 실행할 수 있습니다.

---
WU1_SMOKE_1776402353
2026-04-17T01:14:35.175000+00:00 [AutoArchive - Arona|1476113538320957451] [STEER-TITANS-SYNTHESIS-1776388456] ## 120M Titans vs Optimized Transformer — Final Evaluation

### 1) Gate-by-gate Verdict
- **Parameter band (110M–130M): PASS**  
  - Transformer: 110,283,264 / Titans: 110,316,672
- **Parameter ratio (≤ 1.10): PASS**  
  - 1.000303
- **Runtime ratio (< 2.0): PASS**  
  - 0.973051 (Titans faster)
- **torch.compile evidence: PASS**  
  - `compile=True`
- **SDPA/flash evidence: PASS**  
  - Evidence previously checked and verified
- **AMP/dtype evidence: PASS**  
  - Evidence previously checked and verified
- **TF32 evidence: PASS**  
  - Evidence previously ch
2026-04-17T01:10:31.586000+00:00 [AutoArchive - Plana|1494347028971655238] [STEER-TITANS-VERIFY-PLANA-1776388216] **PASS**

Arona의 수치/로직 판정은 주어진 flattened evidence와 일치합니다.

- `param_ratio=1.0004` vs 기준 `<= 1.1` → **통과**
- `runtime_ratio=0.973` vs 기준 `< 2.0` → **통과**
- `peak_memory_ratio=1.17` → 질문의 고정 필수 게이트에 포함되지 않았고, **경고(WARN)**로 분리한 것도 로직상 타당

산술/논리 오류: **없음**.
2026-04-17T01:06:04.337000+00:00 [AutoArchive - Arona|1476113538320957451] [STEER-TITANS-RETRY2-1776387927] 네, 제공된 수치만 기준으로 보면 다음과 같습니다.

1) **Titans가 더 빠른가?**  
- **예, 더 빠릅니다.**  
- Transformer: **105.7207 ms/step**  
- Titans: **102.8717 ms/step**  
- 차이: **약 2.8490 ms/step** (105.7207 - 102.8717)  
- runtime_ratio도 **0.973051**로 1보다 작아 Titans 우위입니다.

2) **Loss 개선폭?**  
- Transformer loss: **58.8243**  
- Titans loss: **41.7409**  
- 절대 감소: **약 17.0834**  
- 상대 감소율: **약 29.0% 개선** \(\frac{58.8243-41.7409}{58.8243}\)

3) **메모리 오버헤드 비율?**  
- 제공된 **mem_ratio = 1.169774**  
- 즉 Titans peak memory가 Transformer 대비 **약 16.98% 높음**  
- (2,704,602,624 bytes → 3,163,773,952
=== POLL 2026-04-17T05:25:58Z ===
2026-04-17T05:23:15.321000+00:00 [AutoArchive - Arona|1476113538320957451] 메시지 처리 시간이 초과되었습니다. 다시 시도해주세요.
2026-04-17T05:23:15.321000+00:00 [AutoArchive - Arona|1476113538320957451] 메시지 처리 시간이 초과되었습니다. 다시 시도해주세요.
2026-04-17T05:22:46.861000+00:00 [AutoArchive - Arona|1476113538320957451] 죄송합니다, 응답을 생성하는 중 오류가 발생했습니다. 잠시 후 다시 시도해 주세요.
다시 메시지를 보내 재시도하거나, 문제가 지속되면 `/help`를 사용해 주세요.
참조: 180eddc4
2026-04-17T05:22:45.925000+00:00 [AutoArchive - Arona|1476113538320957451] 죄송합니다, 응답을 생성하는 중 오류가 발생했습니다. 잠시 후 다시 시도해 주세요.
다시 메시지를 보내 재시도하거나, 문제가 지속되면 `/help`를 사용해 주세요.
참조: 93d5b7a4
2026-04-17T05:18:09.009000+00:00 [AutoArchive - Arona|1476113538320957451] 메시지 처리 시간이 초과되었습니다. 다시 시도해주세요.
2026-04-17T05:18:08.605000+00:00 [AutoArchive - Arona|1476113538320957451] 메시지 처리 시간이 초과되었습니다. 다시 시도해주세요.
2026-04-17T05:17:40.870000+00:00 [AutoArchive - Arona|1476113538320957451] 죄송합니다, 응답을 생성하는 중 오류가 발생했습니다. 잠시 후 다시 시도해 주세요.
다시 메시지를 보내 재시도하거나, 문제가 지속되면 `/help`를 사용해 주세요.
참조: 451dfbbd
2026-04-17T05:17:39.086000+00:00 [AutoArchive - Arona|1476113538320957451] 죄송합니다, 응답을 생성하는 중 오류가 발생했습니다. 잠시 후 다시 시도해 주세요.
다시 메시지를 보내 재시도하거나, 문제가 지속되면 `/help`를 사용해 주세요.
참조: cbeaa91a
2026-04-17T05:14:39.078000+00:00 [AutoArchive - Arona|1476113538320957451] 작업이 실패했습니다. [세션 로그](https://discord.com/channels/1476114038743367713/1494566676643975279)
2026-04-17T05:14:33.560000+00:00 [AutoArchive - Arona|1476113538320957451] 작업이 실패했습니다. [세션 로그](https://discord.com/channels/1476114038743367713/1494566651272757298)
2026-04-17T05:14:13.903000+00:00 [AutoArchive - Arona|1476113538320957451] 작업이 실패했습니다. [세션 로그](https://discord.com/channels/1476114038743367713/1494566676643975279)
2026-04-17T05:14:13.306000+00:00 [AutoArchive - Arona|1476113538320957451] 작업이 실패했습니다. [세션 로그](https://discord.com/channels/1476114038743367713/1494566651272757298)
2026-04-17T05:06:27.117000+00:00 [AutoArchive - Arona|1476113538320957451] > 🔄 *새 대화가 시작되었습니다*

**안녕하세요!** 저는 Auto Archive 에이전트입니다.
자연어로 대화하거나, "~해줘" 형태의 요청으로 작업을 실행할 수 있습니다.

---
WU1_SMOKE_1776402353
2026-04-17T05:06:25.794000+00:00 [AutoArchive - Arona|1476113538320957451] > 🔄 *새 대화가 시작되었습니다*

**안녕하세요!** 저는 Auto Archive 에이전트입니다.
자연어로 대화하거나, "~해줘" 형태의 요청으로 작업을 실행할 수 있습니다.

---
WU1_SMOKE_1776402353
2026-04-17T01:14:35.175000+00:00 [AutoArchive - Arona|1476113538320957451] [STEER-TITANS-SYNTHESIS-1776388456] ## 120M Titans vs Optimized Transformer — Final Evaluation

### 1) Gate-by-gate Verdict
- **Parameter band (110M–130M): PASS**  
  - Transformer: 110,283,264 / Titans: 110,316,672
- **Parameter ratio (≤ 1.10): PASS**  
  - 1.000303
- **Runtime ratio (< 2.0): PASS**  
  - 0.973051 (Titans faster)
- **torch.compile evidence: PASS**  
  - `compile=True`
- **SDPA/flash evidence: PASS**  
  - Evidence previously checked and verified
- **AMP/dtype evidence: PASS**  
  - Evidence previously checked and verified
- **TF32 evidence: PASS**  
  - Evidence previously ch
2026-04-17T01:10:31.586000+00:00 [AutoArchive - Plana|1494347028971655238] [STEER-TITANS-VERIFY-PLANA-1776388216] **PASS**

Arona의 수치/로직 판정은 주어진 flattened evidence와 일치합니다.

- `param_ratio=1.0004` vs 기준 `<= 1.1` → **통과**
- `runtime_ratio=0.973` vs 기준 `< 2.0` → **통과**
- `peak_memory_ratio=1.17` → 질문의 고정 필수 게이트에 포함되지 않았고, **경고(WARN)**로 분리한 것도 로직상 타당

산술/논리 오류: **없음**.
2026-04-17T01:06:04.337000+00:00 [AutoArchive - Arona|1476113538320957451] [STEER-TITANS-RETRY2-1776387927] 네, 제공된 수치만 기준으로 보면 다음과 같습니다.

1) **Titans가 더 빠른가?**  
- **예, 더 빠릅니다.**  
- Transformer: **105.7207 ms/step**  
- Titans: **102.8717 ms/step**  
- 차이: **약 2.8490 ms/step** (105.7207 - 102.8717)  
- runtime_ratio도 **0.973051**로 1보다 작아 Titans 우위입니다.

2) **Loss 개선폭?**  
- Transformer loss: **58.8243**  
- Titans loss: **41.7409**  
- 절대 감소: **약 17.0834**  
- 상대 감소율: **약 29.0% 개선** \(\frac{58.8243-41.7409}{58.8243}\)

3) **메모리 오버헤드 비율?**  
- 제공된 **mem_ratio = 1.169774**  
- 즉 Titans peak memory가 Transformer 대비 **약 16.98% 높음**  
- (2,704,602,624 bytes → 3,163,773,952
=== POLL 2026-04-17T05:27:00Z ===
2026-04-17T05:23:15.321000+00:00 [AutoArchive - Arona|1476113538320957451] 메시지 처리 시간이 초과되었습니다. 다시 시도해주세요.
2026-04-17T05:23:15.321000+00:00 [AutoArchive - Arona|1476113538320957451] 메시지 처리 시간이 초과되었습니다. 다시 시도해주세요.
2026-04-17T05:22:46.861000+00:00 [AutoArchive - Arona|1476113538320957451] 죄송합니다, 응답을 생성하는 중 오류가 발생했습니다. 잠시 후 다시 시도해 주세요.
다시 메시지를 보내 재시도하거나, 문제가 지속되면 `/help`를 사용해 주세요.
참조: 180eddc4
2026-04-17T05:22:45.925000+00:00 [AutoArchive - Arona|1476113538320957451] 죄송합니다, 응답을 생성하는 중 오류가 발생했습니다. 잠시 후 다시 시도해 주세요.
다시 메시지를 보내 재시도하거나, 문제가 지속되면 `/help`를 사용해 주세요.
참조: 93d5b7a4
2026-04-17T05:18:09.009000+00:00 [AutoArchive - Arona|1476113538320957451] 메시지 처리 시간이 초과되었습니다. 다시 시도해주세요.
2026-04-17T05:18:08.605000+00:00 [AutoArchive - Arona|1476113538320957451] 메시지 처리 시간이 초과되었습니다. 다시 시도해주세요.
2026-04-17T05:17:40.870000+00:00 [AutoArchive - Arona|1476113538320957451] 죄송합니다, 응답을 생성하는 중 오류가 발생했습니다. 잠시 후 다시 시도해 주세요.
다시 메시지를 보내 재시도하거나, 문제가 지속되면 `/help`를 사용해 주세요.
참조: 451dfbbd
2026-04-17T05:17:39.086000+00:00 [AutoArchive - Arona|1476113538320957451] 죄송합니다, 응답을 생성하는 중 오류가 발생했습니다. 잠시 후 다시 시도해 주세요.
다시 메시지를 보내 재시도하거나, 문제가 지속되면 `/help`를 사용해 주세요.
참조: cbeaa91a
2026-04-17T05:14:39.078000+00:00 [AutoArchive - Arona|1476113538320957451] 작업이 실패했습니다. [세션 로그](https://discord.com/channels/1476114038743367713/1494566676643975279)
2026-04-17T05:14:33.560000+00:00 [AutoArchive - Arona|1476113538320957451] 작업이 실패했습니다. [세션 로그](https://discord.com/channels/1476114038743367713/1494566651272757298)
2026-04-17T05:14:13.903000+00:00 [AutoArchive - Arona|1476113538320957451] 작업이 실패했습니다. [세션 로그](https://discord.com/channels/1476114038743367713/1494566676643975279)
2026-04-17T05:14:13.306000+00:00 [AutoArchive - Arona|1476113538320957451] 작업이 실패했습니다. [세션 로그](https://discord.com/channels/1476114038743367713/1494566651272757298)
2026-04-17T05:06:27.117000+00:00 [AutoArchive - Arona|1476113538320957451] > 🔄 *새 대화가 시작되었습니다*

**안녕하세요!** 저는 Auto Archive 에이전트입니다.
자연어로 대화하거나, "~해줘" 형태의 요청으로 작업을 실행할 수 있습니다.

---
WU1_SMOKE_1776402353
2026-04-17T05:06:25.794000+00:00 [AutoArchive - Arona|1476113538320957451] > 🔄 *새 대화가 시작되었습니다*

**안녕하세요!** 저는 Auto Archive 에이전트입니다.
자연어로 대화하거나, "~해줘" 형태의 요청으로 작업을 실행할 수 있습니다.

---
WU1_SMOKE_1776402353
2026-04-17T01:14:35.175000+00:00 [AutoArchive - Arona|1476113538320957451] [STEER-TITANS-SYNTHESIS-1776388456] ## 120M Titans vs Optimized Transformer — Final Evaluation

### 1) Gate-by-gate Verdict
- **Parameter band (110M–130M): PASS**  
  - Transformer: 110,283,264 / Titans: 110,316,672
- **Parameter ratio (≤ 1.10): PASS**  
  - 1.000303
- **Runtime ratio (< 2.0): PASS**  
  - 0.973051 (Titans faster)
- **torch.compile evidence: PASS**  
  - `compile=True`
- **SDPA/flash evidence: PASS**  
  - Evidence previously checked and verified
- **AMP/dtype evidence: PASS**  
  - Evidence previously checked and verified
- **TF32 evidence: PASS**  
  - Evidence previously ch
2026-04-17T01:10:31.586000+00:00 [AutoArchive - Plana|1494347028971655238] [STEER-TITANS-VERIFY-PLANA-1776388216] **PASS**

Arona의 수치/로직 판정은 주어진 flattened evidence와 일치합니다.

- `param_ratio=1.0004` vs 기준 `<= 1.1` → **통과**
- `runtime_ratio=0.973` vs 기준 `< 2.0` → **통과**
- `peak_memory_ratio=1.17` → 질문의 고정 필수 게이트에 포함되지 않았고, **경고(WARN)**로 분리한 것도 로직상 타당

산술/논리 오류: **없음**.
2026-04-17T01:06:04.337000+00:00 [AutoArchive - Arona|1476113538320957451] [STEER-TITANS-RETRY2-1776387927] 네, 제공된 수치만 기준으로 보면 다음과 같습니다.

1) **Titans가 더 빠른가?**  
- **예, 더 빠릅니다.**  
- Transformer: **105.7207 ms/step**  
- Titans: **102.8717 ms/step**  
- 차이: **약 2.8490 ms/step** (105.7207 - 102.8717)  
- runtime_ratio도 **0.973051**로 1보다 작아 Titans 우위입니다.

2) **Loss 개선폭?**  
- Transformer loss: **58.8243**  
- Titans loss: **41.7409**  
- 절대 감소: **약 17.0834**  
- 상대 감소율: **약 29.0% 개선** \(\frac{58.8243-41.7409}{58.8243}\)

3) **메모리 오버헤드 비율?**  
- 제공된 **mem_ratio = 1.169774**  
- 즉 Titans peak memory가 Transformer 대비 **약 16.98% 높음**  
- (2,704,602,624 bytes → 3,163,773,952
=== POLL 2026-04-17T05:28:01Z ===
2026-04-17T05:23:15.321000+00:00 [AutoArchive - Arona|1476113538320957451] 메시지 처리 시간이 초과되었습니다. 다시 시도해주세요.
2026-04-17T05:23:15.321000+00:00 [AutoArchive - Arona|1476113538320957451] 메시지 처리 시간이 초과되었습니다. 다시 시도해주세요.
2026-04-17T05:22:46.861000+00:00 [AutoArchive - Arona|1476113538320957451] 죄송합니다, 응답을 생성하는 중 오류가 발생했습니다. 잠시 후 다시 시도해 주세요.
다시 메시지를 보내 재시도하거나, 문제가 지속되면 `/help`를 사용해 주세요.
참조: 180eddc4
2026-04-17T05:22:45.925000+00:00 [AutoArchive - Arona|1476113538320957451] 죄송합니다, 응답을 생성하는 중 오류가 발생했습니다. 잠시 후 다시 시도해 주세요.
다시 메시지를 보내 재시도하거나, 문제가 지속되면 `/help`를 사용해 주세요.
참조: 93d5b7a4
2026-04-17T05:18:09.009000+00:00 [AutoArchive - Arona|1476113538320957451] 메시지 처리 시간이 초과되었습니다. 다시 시도해주세요.
2026-04-17T05:18:08.605000+00:00 [AutoArchive - Arona|1476113538320957451] 메시지 처리 시간이 초과되었습니다. 다시 시도해주세요.
2026-04-17T05:17:40.870000+00:00 [AutoArchive - Arona|1476113538320957451] 죄송합니다, 응답을 생성하는 중 오류가 발생했습니다. 잠시 후 다시 시도해 주세요.
다시 메시지를 보내 재시도하거나, 문제가 지속되면 `/help`를 사용해 주세요.
참조: 451dfbbd
2026-04-17T05:17:39.086000+00:00 [AutoArchive - Arona|1476113538320957451] 죄송합니다, 응답을 생성하는 중 오류가 발생했습니다. 잠시 후 다시 시도해 주세요.
다시 메시지를 보내 재시도하거나, 문제가 지속되면 `/help`를 사용해 주세요.
참조: cbeaa91a
2026-04-17T05:14:39.078000+00:00 [AutoArchive - Arona|1476113538320957451] 작업이 실패했습니다. [세션 로그](https://discord.com/channels/1476114038743367713/1494566676643975279)
2026-04-17T05:14:33.560000+00:00 [AutoArchive - Arona|1476113538320957451] 작업이 실패했습니다. [세션 로그](https://discord.com/channels/1476114038743367713/1494566651272757298)
2026-04-17T05:14:13.903000+00:00 [AutoArchive - Arona|1476113538320957451] 작업이 실패했습니다. [세션 로그](https://discord.com/channels/1476114038743367713/1494566676643975279)
2026-04-17T05:14:13.306000+00:00 [AutoArchive - Arona|1476113538320957451] 작업이 실패했습니다. [세션 로그](https://discord.com/channels/1476114038743367713/1494566651272757298)
2026-04-17T05:06:27.117000+00:00 [AutoArchive - Arona|1476113538320957451] > 🔄 *새 대화가 시작되었습니다*

**안녕하세요!** 저는 Auto Archive 에이전트입니다.
자연어로 대화하거나, "~해줘" 형태의 요청으로 작업을 실행할 수 있습니다.

---
WU1_SMOKE_1776402353
2026-04-17T05:06:25.794000+00:00 [AutoArchive - Arona|1476113538320957451] > 🔄 *새 대화가 시작되었습니다*

**안녕하세요!** 저는 Auto Archive 에이전트입니다.
자연어로 대화하거나, "~해줘" 형태의 요청으로 작업을 실행할 수 있습니다.

---
WU1_SMOKE_1776402353
2026-04-17T01:14:35.175000+00:00 [AutoArchive - Arona|1476113538320957451] [STEER-TITANS-SYNTHESIS-1776388456] ## 120M Titans vs Optimized Transformer — Final Evaluation

### 1) Gate-by-gate Verdict
- **Parameter band (110M–130M): PASS**  
  - Transformer: 110,283,264 / Titans: 110,316,672
- **Parameter ratio (≤ 1.10): PASS**  
  - 1.000303
- **Runtime ratio (< 2.0): PASS**  
  - 0.973051 (Titans faster)
- **torch.compile evidence: PASS**  
  - `compile=True`
- **SDPA/flash evidence: PASS**  
  - Evidence previously checked and verified
- **AMP/dtype evidence: PASS**  
  - Evidence previously checked and verified
- **TF32 evidence: PASS**  
  - Evidence previously ch
2026-04-17T01:10:31.586000+00:00 [AutoArchive - Plana|1494347028971655238] [STEER-TITANS-VERIFY-PLANA-1776388216] **PASS**

Arona의 수치/로직 판정은 주어진 flattened evidence와 일치합니다.

- `param_ratio=1.0004` vs 기준 `<= 1.1` → **통과**
- `runtime_ratio=0.973` vs 기준 `< 2.0` → **통과**
- `peak_memory_ratio=1.17` → 질문의 고정 필수 게이트에 포함되지 않았고, **경고(WARN)**로 분리한 것도 로직상 타당

산술/논리 오류: **없음**.
2026-04-17T01:06:04.337000+00:00 [AutoArchive - Arona|1476113538320957451] [STEER-TITANS-RETRY2-1776387927] 네, 제공된 수치만 기준으로 보면 다음과 같습니다.

1) **Titans가 더 빠른가?**  
- **예, 더 빠릅니다.**  
- Transformer: **105.7207 ms/step**  
- Titans: **102.8717 ms/step**  
- 차이: **약 2.8490 ms/step** (105.7207 - 102.8717)  
- runtime_ratio도 **0.973051**로 1보다 작아 Titans 우위입니다.

2) **Loss 개선폭?**  
- Transformer loss: **58.8243**  
- Titans loss: **41.7409**  
- 절대 감소: **약 17.0834**  
- 상대 감소율: **약 29.0% 개선** \(\frac{58.8243-41.7409}{58.8243}\)

3) **메모리 오버헤드 비율?**  
- 제공된 **mem_ratio = 1.169774**  
- 즉 Titans peak memory가 Transformer 대비 **약 16.98% 높음**  
- (2,704,602,624 bytes → 3,163,773,952
=== POLL 2026-04-17T05:29:01Z ===
2026-04-17T05:23:15.321000+00:00 [AutoArchive - Arona|1476113538320957451] 메시지 처리 시간이 초과되었습니다. 다시 시도해주세요.
2026-04-17T05:23:15.321000+00:00 [AutoArchive - Arona|1476113538320957451] 메시지 처리 시간이 초과되었습니다. 다시 시도해주세요.
2026-04-17T05:22:46.861000+00:00 [AutoArchive - Arona|1476113538320957451] 죄송합니다, 응답을 생성하는 중 오류가 발생했습니다. 잠시 후 다시 시도해 주세요.
다시 메시지를 보내 재시도하거나, 문제가 지속되면 `/help`를 사용해 주세요.
참조: 180eddc4
2026-04-17T05:22:45.925000+00:00 [AutoArchive - Arona|1476113538320957451] 죄송합니다, 응답을 생성하는 중 오류가 발생했습니다. 잠시 후 다시 시도해 주세요.
다시 메시지를 보내 재시도하거나, 문제가 지속되면 `/help`를 사용해 주세요.
참조: 93d5b7a4
2026-04-17T05:18:09.009000+00:00 [AutoArchive - Arona|1476113538320957451] 메시지 처리 시간이 초과되었습니다. 다시 시도해주세요.
2026-04-17T05:18:08.605000+00:00 [AutoArchive - Arona|1476113538320957451] 메시지 처리 시간이 초과되었습니다. 다시 시도해주세요.
2026-04-17T05:17:40.870000+00:00 [AutoArchive - Arona|1476113538320957451] 죄송합니다, 응답을 생성하는 중 오류가 발생했습니다. 잠시 후 다시 시도해 주세요.
다시 메시지를 보내 재시도하거나, 문제가 지속되면 `/help`를 사용해 주세요.
참조: 451dfbbd
2026-04-17T05:17:39.086000+00:00 [AutoArchive - Arona|1476113538320957451] 죄송합니다, 응답을 생성하는 중 오류가 발생했습니다. 잠시 후 다시 시도해 주세요.
다시 메시지를 보내 재시도하거나, 문제가 지속되면 `/help`를 사용해 주세요.
참조: cbeaa91a
2026-04-17T05:14:39.078000+00:00 [AutoArchive - Arona|1476113538320957451] 작업이 실패했습니다. [세션 로그](https://discord.com/channels/1476114038743367713/1494566676643975279)
2026-04-17T05:14:33.560000+00:00 [AutoArchive - Arona|1476113538320957451] 작업이 실패했습니다. [세션 로그](https://discord.com/channels/1476114038743367713/1494566651272757298)
2026-04-17T05:14:13.903000+00:00 [AutoArchive - Arona|1476113538320957451] 작업이 실패했습니다. [세션 로그](https://discord.com/channels/1476114038743367713/1494566676643975279)
2026-04-17T05:14:13.306000+00:00 [AutoArchive - Arona|1476113538320957451] 작업이 실패했습니다. [세션 로그](https://discord.com/channels/1476114038743367713/1494566651272757298)
2026-04-17T05:06:27.117000+00:00 [AutoArchive - Arona|1476113538320957451] > 🔄 *새 대화가 시작되었습니다*

**안녕하세요!** 저는 Auto Archive 에이전트입니다.
자연어로 대화하거나, "~해줘" 형태의 요청으로 작업을 실행할 수 있습니다.

---
WU1_SMOKE_1776402353
2026-04-17T05:06:25.794000+00:00 [AutoArchive - Arona|1476113538320957451] > 🔄 *새 대화가 시작되었습니다*

**안녕하세요!** 저는 Auto Archive 에이전트입니다.
자연어로 대화하거나, "~해줘" 형태의 요청으로 작업을 실행할 수 있습니다.

---
WU1_SMOKE_1776402353
2026-04-17T01:14:35.175000+00:00 [AutoArchive - Arona|1476113538320957451] [STEER-TITANS-SYNTHESIS-1776388456] ## 120M Titans vs Optimized Transformer — Final Evaluation

### 1) Gate-by-gate Verdict
- **Parameter band (110M–130M): PASS**  
  - Transformer: 110,283,264 / Titans: 110,316,672
- **Parameter ratio (≤ 1.10): PASS**  
  - 1.000303
- **Runtime ratio (< 2.0): PASS**  
  - 0.973051 (Titans faster)
- **torch.compile evidence: PASS**  
  - `compile=True`
- **SDPA/flash evidence: PASS**  
  - Evidence previously checked and verified
- **AMP/dtype evidence: PASS**  
  - Evidence previously checked and verified
- **TF32 evidence: PASS**  
  - Evidence previously ch
2026-04-17T01:10:31.586000+00:00 [AutoArchive - Plana|1494347028971655238] [STEER-TITANS-VERIFY-PLANA-1776388216] **PASS**

Arona의 수치/로직 판정은 주어진 flattened evidence와 일치합니다.

- `param_ratio=1.0004` vs 기준 `<= 1.1` → **통과**
- `runtime_ratio=0.973` vs 기준 `< 2.0` → **통과**
- `peak_memory_ratio=1.17` → 질문의 고정 필수 게이트에 포함되지 않았고, **경고(WARN)**로 분리한 것도 로직상 타당

산술/논리 오류: **없음**.
2026-04-17T01:06:04.337000+00:00 [AutoArchive - Arona|1476113538320957451] [STEER-TITANS-RETRY2-1776387927] 네, 제공된 수치만 기준으로 보면 다음과 같습니다.

1) **Titans가 더 빠른가?**  
- **예, 더 빠릅니다.**  
- Transformer: **105.7207 ms/step**  
- Titans: **102.8717 ms/step**  
- 차이: **약 2.8490 ms/step** (105.7207 - 102.8717)  
- runtime_ratio도 **0.973051**로 1보다 작아 Titans 우위입니다.

2) **Loss 개선폭?**  
- Transformer loss: **58.8243**  
- Titans loss: **41.7409**  
- 절대 감소: **약 17.0834**  
- 상대 감소율: **약 29.0% 개선** \(\frac{58.8243-41.7409}{58.8243}\)

3) **메모리 오버헤드 비율?**  
- 제공된 **mem_ratio = 1.169774**  
- 즉 Titans peak memory가 Transformer 대비 **약 16.98% 높음**  
- (2,704,602,624 bytes → 3,163,773,952
=== POLL 2026-04-17T05:30:02Z ===
2026-04-17T05:23:15.321000+00:00 [AutoArchive - Arona|1476113538320957451] 메시지 처리 시간이 초과되었습니다. 다시 시도해주세요.
2026-04-17T05:23:15.321000+00:00 [AutoArchive - Arona|1476113538320957451] 메시지 처리 시간이 초과되었습니다. 다시 시도해주세요.
2026-04-17T05:22:46.861000+00:00 [AutoArchive - Arona|1476113538320957451] 죄송합니다, 응답을 생성하는 중 오류가 발생했습니다. 잠시 후 다시 시도해 주세요.
다시 메시지를 보내 재시도하거나, 문제가 지속되면 `/help`를 사용해 주세요.
참조: 180eddc4
2026-04-17T05:22:45.925000+00:00 [AutoArchive - Arona|1476113538320957451] 죄송합니다, 응답을 생성하는 중 오류가 발생했습니다. 잠시 후 다시 시도해 주세요.
다시 메시지를 보내 재시도하거나, 문제가 지속되면 `/help`를 사용해 주세요.
참조: 93d5b7a4
2026-04-17T05:18:09.009000+00:00 [AutoArchive - Arona|1476113538320957451] 메시지 처리 시간이 초과되었습니다. 다시 시도해주세요.
2026-04-17T05:18:08.605000+00:00 [AutoArchive - Arona|1476113538320957451] 메시지 처리 시간이 초과되었습니다. 다시 시도해주세요.
2026-04-17T05:17:40.870000+00:00 [AutoArchive - Arona|1476113538320957451] 죄송합니다, 응답을 생성하는 중 오류가 발생했습니다. 잠시 후 다시 시도해 주세요.
다시 메시지를 보내 재시도하거나, 문제가 지속되면 `/help`를 사용해 주세요.
참조: 451dfbbd
2026-04-17T05:17:39.086000+00:00 [AutoArchive - Arona|1476113538320957451] 죄송합니다, 응답을 생성하는 중 오류가 발생했습니다. 잠시 후 다시 시도해 주세요.
다시 메시지를 보내 재시도하거나, 문제가 지속되면 `/help`를 사용해 주세요.
참조: cbeaa91a
2026-04-17T05:14:39.078000+00:00 [AutoArchive - Arona|1476113538320957451] 작업이 실패했습니다. [세션 로그](https://discord.com/channels/1476114038743367713/1494566676643975279)
2026-04-17T05:14:33.560000+00:00 [AutoArchive - Arona|1476113538320957451] 작업이 실패했습니다. [세션 로그](https://discord.com/channels/1476114038743367713/1494566651272757298)
2026-04-17T05:14:13.903000+00:00 [AutoArchive - Arona|1476113538320957451] 작업이 실패했습니다. [세션 로그](https://discord.com/channels/1476114038743367713/1494566676643975279)
2026-04-17T05:14:13.306000+00:00 [AutoArchive - Arona|1476113538320957451] 작업이 실패했습니다. [세션 로그](https://discord.com/channels/1476114038743367713/1494566651272757298)
2026-04-17T05:06:27.117000+00:00 [AutoArchive - Arona|1476113538320957451] > 🔄 *새 대화가 시작되었습니다*

**안녕하세요!** 저는 Auto Archive 에이전트입니다.
자연어로 대화하거나, "~해줘" 형태의 요청으로 작업을 실행할 수 있습니다.

---
WU1_SMOKE_1776402353
2026-04-17T05:06:25.794000+00:00 [AutoArchive - Arona|1476113538320957451] > 🔄 *새 대화가 시작되었습니다*

**안녕하세요!** 저는 Auto Archive 에이전트입니다.
자연어로 대화하거나, "~해줘" 형태의 요청으로 작업을 실행할 수 있습니다.

---
WU1_SMOKE_1776402353
2026-04-17T01:14:35.175000+00:00 [AutoArchive - Arona|1476113538320957451] [STEER-TITANS-SYNTHESIS-1776388456] ## 120M Titans vs Optimized Transformer — Final Evaluation

### 1) Gate-by-gate Verdict
- **Parameter band (110M–130M): PASS**  
  - Transformer: 110,283,264 / Titans: 110,316,672
- **Parameter ratio (≤ 1.10): PASS**  
  - 1.000303
- **Runtime ratio (< 2.0): PASS**  
  - 0.973051 (Titans faster)
- **torch.compile evidence: PASS**  
  - `compile=True`
- **SDPA/flash evidence: PASS**  
  - Evidence previously checked and verified
- **AMP/dtype evidence: PASS**  
  - Evidence previously checked and verified
- **TF32 evidence: PASS**  
  - Evidence previously ch
2026-04-17T01:10:31.586000+00:00 [AutoArchive - Plana|1494347028971655238] [STEER-TITANS-VERIFY-PLANA-1776388216] **PASS**

Arona의 수치/로직 판정은 주어진 flattened evidence와 일치합니다.

- `param_ratio=1.0004` vs 기준 `<= 1.1` → **통과**
- `runtime_ratio=0.973` vs 기준 `< 2.0` → **통과**
- `peak_memory_ratio=1.17` → 질문의 고정 필수 게이트에 포함되지 않았고, **경고(WARN)**로 분리한 것도 로직상 타당

산술/논리 오류: **없음**.
2026-04-17T01:06:04.337000+00:00 [AutoArchive - Arona|1476113538320957451] [STEER-TITANS-RETRY2-1776387927] 네, 제공된 수치만 기준으로 보면 다음과 같습니다.

1) **Titans가 더 빠른가?**  
- **예, 더 빠릅니다.**  
- Transformer: **105.7207 ms/step**  
- Titans: **102.8717 ms/step**  
- 차이: **약 2.8490 ms/step** (105.7207 - 102.8717)  
- runtime_ratio도 **0.973051**로 1보다 작아 Titans 우위입니다.

2) **Loss 개선폭?**  
- Transformer loss: **58.8243**  
- Titans loss: **41.7409**  
- 절대 감소: **약 17.0834**  
- 상대 감소율: **약 29.0% 개선** \(\frac{58.8243-41.7409}{58.8243}\)

3) **메모리 오버헤드 비율?**  
- 제공된 **mem_ratio = 1.169774**  
- 즉 Titans peak memory가 Transformer 대비 **약 16.98% 높음**  
- (2,704,602,624 bytes → 3,163,773,952
=== POLL 2026-04-17T05:31:02Z ===
2026-04-17T05:23:15.321000+00:00 [AutoArchive - Arona|1476113538320957451] 메시지 처리 시간이 초과되었습니다. 다시 시도해주세요.
2026-04-17T05:23:15.321000+00:00 [AutoArchive - Arona|1476113538320957451] 메시지 처리 시간이 초과되었습니다. 다시 시도해주세요.
2026-04-17T05:22:46.861000+00:00 [AutoArchive - Arona|1476113538320957451] 죄송합니다, 응답을 생성하는 중 오류가 발생했습니다. 잠시 후 다시 시도해 주세요.
다시 메시지를 보내 재시도하거나, 문제가 지속되면 `/help`를 사용해 주세요.
참조: 180eddc4
2026-04-17T05:22:45.925000+00:00 [AutoArchive - Arona|1476113538320957451] 죄송합니다, 응답을 생성하는 중 오류가 발생했습니다. 잠시 후 다시 시도해 주세요.
다시 메시지를 보내 재시도하거나, 문제가 지속되면 `/help`를 사용해 주세요.
참조: 93d5b7a4
2026-04-17T05:18:09.009000+00:00 [AutoArchive - Arona|1476113538320957451] 메시지 처리 시간이 초과되었습니다. 다시 시도해주세요.
2026-04-17T05:18:08.605000+00:00 [AutoArchive - Arona|1476113538320957451] 메시지 처리 시간이 초과되었습니다. 다시 시도해주세요.
2026-04-17T05:17:40.870000+00:00 [AutoArchive - Arona|1476113538320957451] 죄송합니다, 응답을 생성하는 중 오류가 발생했습니다. 잠시 후 다시 시도해 주세요.
다시 메시지를 보내 재시도하거나, 문제가 지속되면 `/help`를 사용해 주세요.
참조: 451dfbbd
2026-04-17T05:17:39.086000+00:00 [AutoArchive - Arona|1476113538320957451] 죄송합니다, 응답을 생성하는 중 오류가 발생했습니다. 잠시 후 다시 시도해 주세요.
다시 메시지를 보내 재시도하거나, 문제가 지속되면 `/help`를 사용해 주세요.
참조: cbeaa91a
2026-04-17T05:14:39.078000+00:00 [AutoArchive - Arona|1476113538320957451] 작업이 실패했습니다. [세션 로그](https://discord.com/channels/1476114038743367713/1494566676643975279)
2026-04-17T05:14:33.560000+00:00 [AutoArchive - Arona|1476113538320957451] 작업이 실패했습니다. [세션 로그](https://discord.com/channels/1476114038743367713/1494566651272757298)
2026-04-17T05:14:13.903000+00:00 [AutoArchive - Arona|1476113538320957451] 작업이 실패했습니다. [세션 로그](https://discord.com/channels/1476114038743367713/1494566676643975279)
2026-04-17T05:14:13.306000+00:00 [AutoArchive - Arona|1476113538320957451] 작업이 실패했습니다. [세션 로그](https://discord.com/channels/1476114038743367713/1494566651272757298)
2026-04-17T05:06:27.117000+00:00 [AutoArchive - Arona|1476113538320957451] > 🔄 *새 대화가 시작되었습니다*

**안녕하세요!** 저는 Auto Archive 에이전트입니다.
자연어로 대화하거나, "~해줘" 형태의 요청으로 작업을 실행할 수 있습니다.

---
WU1_SMOKE_1776402353
2026-04-17T05:06:25.794000+00:00 [AutoArchive - Arona|1476113538320957451] > 🔄 *새 대화가 시작되었습니다*

**안녕하세요!** 저는 Auto Archive 에이전트입니다.
자연어로 대화하거나, "~해줘" 형태의 요청으로 작업을 실행할 수 있습니다.

---
WU1_SMOKE_1776402353
2026-04-17T01:14:35.175000+00:00 [AutoArchive - Arona|1476113538320957451] [STEER-TITANS-SYNTHESIS-1776388456] ## 120M Titans vs Optimized Transformer — Final Evaluation

### 1) Gate-by-gate Verdict
- **Parameter band (110M–130M): PASS**  
  - Transformer: 110,283,264 / Titans: 110,316,672
- **Parameter ratio (≤ 1.10): PASS**  
  - 1.000303
- **Runtime ratio (< 2.0): PASS**  
  - 0.973051 (Titans faster)
- **torch.compile evidence: PASS**  
  - `compile=True`
- **SDPA/flash evidence: PASS**  
  - Evidence previously checked and verified
- **AMP/dtype evidence: PASS**  
  - Evidence previously checked and verified
- **TF32 evidence: PASS**  
  - Evidence previously ch
2026-04-17T01:10:31.586000+00:00 [AutoArchive - Plana|1494347028971655238] [STEER-TITANS-VERIFY-PLANA-1776388216] **PASS**

Arona의 수치/로직 판정은 주어진 flattened evidence와 일치합니다.

- `param_ratio=1.0004` vs 기준 `<= 1.1` → **통과**
- `runtime_ratio=0.973` vs 기준 `< 2.0` → **통과**
- `peak_memory_ratio=1.17` → 질문의 고정 필수 게이트에 포함되지 않았고, **경고(WARN)**로 분리한 것도 로직상 타당

산술/논리 오류: **없음**.
2026-04-17T01:06:04.337000+00:00 [AutoArchive - Arona|1476113538320957451] [STEER-TITANS-RETRY2-1776387927] 네, 제공된 수치만 기준으로 보면 다음과 같습니다.

1) **Titans가 더 빠른가?**  
- **예, 더 빠릅니다.**  
- Transformer: **105.7207 ms/step**  
- Titans: **102.8717 ms/step**  
- 차이: **약 2.8490 ms/step** (105.7207 - 102.8717)  
- runtime_ratio도 **0.973051**로 1보다 작아 Titans 우위입니다.

2) **Loss 개선폭?**  
- Transformer loss: **58.8243**  
- Titans loss: **41.7409**  
- 절대 감소: **약 17.0834**  
- 상대 감소율: **약 29.0% 개선** \(\frac{58.8243-41.7409}{58.8243}\)

3) **메모리 오버헤드 비율?**  
- 제공된 **mem_ratio = 1.169774**  
- 즉 Titans peak memory가 Transformer 대비 **약 16.98% 높음**  
- (2,704,602,624 bytes → 3,163,773,952
=== POLL 2026-04-17T05:32:03Z ===
2026-04-17T05:23:15.321000+00:00 [AutoArchive - Arona|1476113538320957451] 메시지 처리 시간이 초과되었습니다. 다시 시도해주세요.
2026-04-17T05:23:15.321000+00:00 [AutoArchive - Arona|1476113538320957451] 메시지 처리 시간이 초과되었습니다. 다시 시도해주세요.
2026-04-17T05:22:46.861000+00:00 [AutoArchive - Arona|1476113538320957451] 죄송합니다, 응답을 생성하는 중 오류가 발생했습니다. 잠시 후 다시 시도해 주세요.
다시 메시지를 보내 재시도하거나, 문제가 지속되면 `/help`를 사용해 주세요.
참조: 180eddc4
2026-04-17T05:22:45.925000+00:00 [AutoArchive - Arona|1476113538320957451] 죄송합니다, 응답을 생성하는 중 오류가 발생했습니다. 잠시 후 다시 시도해 주세요.
다시 메시지를 보내 재시도하거나, 문제가 지속되면 `/help`를 사용해 주세요.
참조: 93d5b7a4
2026-04-17T05:18:09.009000+00:00 [AutoArchive - Arona|1476113538320957451] 메시지 처리 시간이 초과되었습니다. 다시 시도해주세요.
2026-04-17T05:18:08.605000+00:00 [AutoArchive - Arona|1476113538320957451] 메시지 처리 시간이 초과되었습니다. 다시 시도해주세요.
2026-04-17T05:17:40.870000+00:00 [AutoArchive - Arona|1476113538320957451] 죄송합니다, 응답을 생성하는 중 오류가 발생했습니다. 잠시 후 다시 시도해 주세요.
다시 메시지를 보내 재시도하거나, 문제가 지속되면 `/help`를 사용해 주세요.
참조: 451dfbbd
2026-04-17T05:17:39.086000+00:00 [AutoArchive - Arona|1476113538320957451] 죄송합니다, 응답을 생성하는 중 오류가 발생했습니다. 잠시 후 다시 시도해 주세요.
다시 메시지를 보내 재시도하거나, 문제가 지속되면 `/help`를 사용해 주세요.
참조: cbeaa91a
2026-04-17T05:14:39.078000+00:00 [AutoArchive - Arona|1476113538320957451] 작업이 실패했습니다. [세션 로그](https://discord.com/channels/1476114038743367713/1494566676643975279)
2026-04-17T05:14:33.560000+00:00 [AutoArchive - Arona|1476113538320957451] 작업이 실패했습니다. [세션 로그](https://discord.com/channels/1476114038743367713/1494566651272757298)
2026-04-17T05:14:13.903000+00:00 [AutoArchive - Arona|1476113538320957451] 작업이 실패했습니다. [세션 로그](https://discord.com/channels/1476114038743367713/1494566676643975279)
2026-04-17T05:14:13.306000+00:00 [AutoArchive - Arona|1476113538320957451] 작업이 실패했습니다. [세션 로그](https://discord.com/channels/1476114038743367713/1494566651272757298)
2026-04-17T05:06:27.117000+00:00 [AutoArchive - Arona|1476113538320957451] > 🔄 *새 대화가 시작되었습니다*

**안녕하세요!** 저는 Auto Archive 에이전트입니다.
자연어로 대화하거나, "~해줘" 형태의 요청으로 작업을 실행할 수 있습니다.

---
WU1_SMOKE_1776402353
2026-04-17T05:06:25.794000+00:00 [AutoArchive - Arona|1476113538320957451] > 🔄 *새 대화가 시작되었습니다*

**안녕하세요!** 저는 Auto Archive 에이전트입니다.
자연어로 대화하거나, "~해줘" 형태의 요청으로 작업을 실행할 수 있습니다.

---
WU1_SMOKE_1776402353
2026-04-17T01:14:35.175000+00:00 [AutoArchive - Arona|1476113538320957451] [STEER-TITANS-SYNTHESIS-1776388456] ## 120M Titans vs Optimized Transformer — Final Evaluation

### 1) Gate-by-gate Verdict
- **Parameter band (110M–130M): PASS**  
  - Transformer: 110,283,264 / Titans: 110,316,672
- **Parameter ratio (≤ 1.10): PASS**  
  - 1.000303
- **Runtime ratio (< 2.0): PASS**  
  - 0.973051 (Titans faster)
- **torch.compile evidence: PASS**  
  - `compile=True`
- **SDPA/flash evidence: PASS**  
  - Evidence previously checked and verified
- **AMP/dtype evidence: PASS**  
  - Evidence previously checked and verified
- **TF32 evidence: PASS**  
  - Evidence previously ch
2026-04-17T01:10:31.586000+00:00 [AutoArchive - Plana|1494347028971655238] [STEER-TITANS-VERIFY-PLANA-1776388216] **PASS**

Arona의 수치/로직 판정은 주어진 flattened evidence와 일치합니다.

- `param_ratio=1.0004` vs 기준 `<= 1.1` → **통과**
- `runtime_ratio=0.973` vs 기준 `< 2.0` → **통과**
- `peak_memory_ratio=1.17` → 질문의 고정 필수 게이트에 포함되지 않았고, **경고(WARN)**로 분리한 것도 로직상 타당

산술/논리 오류: **없음**.
2026-04-17T01:06:04.337000+00:00 [AutoArchive - Arona|1476113538320957451] [STEER-TITANS-RETRY2-1776387927] 네, 제공된 수치만 기준으로 보면 다음과 같습니다.

1) **Titans가 더 빠른가?**  
- **예, 더 빠릅니다.**  
- Transformer: **105.7207 ms/step**  
- Titans: **102.8717 ms/step**  
- 차이: **약 2.8490 ms/step** (105.7207 - 102.8717)  
- runtime_ratio도 **0.973051**로 1보다 작아 Titans 우위입니다.

2) **Loss 개선폭?**  
- Transformer loss: **58.8243**  
- Titans loss: **41.7409**  
- 절대 감소: **약 17.0834**  
- 상대 감소율: **약 29.0% 개선** \(\frac{58.8243-41.7409}{58.8243}\)

3) **메모리 오버헤드 비율?**  
- 제공된 **mem_ratio = 1.169774**  
- 즉 Titans peak memory가 Transformer 대비 **약 16.98% 높음**  
- (2,704,602,624 bytes → 3,163,773,952
=== POLL 2026-04-17T05:33:32Z ===
2026-04-17T05:23:15.321000+00:00 [AutoArchive - Arona|1476113538320957451] 메시지 처리 시간이 초과되었습니다. 다시 시도해주세요.
2026-04-17T05:23:15.321000+00:00 [AutoArchive - Arona|1476113538320957451] 메시지 처리 시간이 초과되었습니다. 다시 시도해주세요.
2026-04-17T05:22:46.861000+00:00 [AutoArchive - Arona|1476113538320957451] 죄송합니다, 응답을 생성하는 중 오류가 발생했습니다. 잠시 후 다시 시도해 주세요.
다시 메시지를 보내 재시도하거나, 문제가 지속되면 `/help`를 사용해 주세요.
참조: 180eddc4
2026-04-17T05:22:45.925000+00:00 [AutoArchive - Arona|1476113538320957451] 죄송합니다, 응답을 생성하는 중 오류가 발생했습니다. 잠시 후 다시 시도해 주세요.
다시 메시지를 보내 재시도하거나, 문제가 지속되면 `/help`를 사용해 주세요.
참조: 93d5b7a4
2026-04-17T05:18:09.009000+00:00 [AutoArchive - Arona|1476113538320957451] 메시지 처리 시간이 초과되었습니다. 다시 시도해주세요.
2026-04-17T05:18:08.605000+00:00 [AutoArchive - Arona|1476113538320957451] 메시지 처리 시간이 초과되었습니다. 다시 시도해주세요.
2026-04-17T05:17:40.870000+00:00 [AutoArchive - Arona|1476113538320957451] 죄송합니다, 응답을 생성하는 중 오류가 발생했습니다. 잠시 후 다시 시도해 주세요.
다시 메시지를 보내 재시도하거나, 문제가 지속되면 `/help`를 사용해 주세요.
참조: 451dfbbd
2026-04-17T05:17:39.086000+00:00 [AutoArchive - Arona|1476113538320957451] 죄송합니다, 응답을 생성하는 중 오류가 발생했습니다. 잠시 후 다시 시도해 주세요.
다시 메시지를 보내 재시도하거나, 문제가 지속되면 `/help`를 사용해 주세요.
참조: cbeaa91a
2026-04-17T05:14:39.078000+00:00 [AutoArchive - Arona|1476113538320957451] 작업이 실패했습니다. [세션 로그](https://discord.com/channels/1476114038743367713/1494566676643975279)
2026-04-17T05:14:33.560000+00:00 [AutoArchive - Arona|1476113538320957451] 작업이 실패했습니다. [세션 로그](https://discord.com/channels/1476114038743367713/1494566651272757298)
2026-04-17T05:14:13.903000+00:00 [AutoArchive - Arona|1476113538320957451] 작업이 실패했습니다. [세션 로그](https://discord.com/channels/1476114038743367713/1494566676643975279)
2026-04-17T05:14:13.306000+00:00 [AutoArchive - Arona|1476113538320957451] 작업이 실패했습니다. [세션 로그](https://discord.com/channels/1476114038743367713/1494566651272757298)
2026-04-17T05:06:27.117000+00:00 [AutoArchive - Arona|1476113538320957451] > 🔄 *새 대화가 시작되었습니다*

**안녕하세요!** 저는 Auto Archive 에이전트입니다.
자연어로 대화하거나, "~해줘" 형태의 요청으로 작업을 실행할 수 있습니다.

---
WU1_SMOKE_1776402353
2026-04-17T05:06:25.794000+00:00 [AutoArchive - Arona|1476113538320957451] > 🔄 *새 대화가 시작되었습니다*

**안녕하세요!** 저는 Auto Archive 에이전트입니다.
자연어로 대화하거나, "~해줘" 형태의 요청으로 작업을 실행할 수 있습니다.

---
WU1_SMOKE_1776402353
2026-04-17T01:14:35.175000+00:00 [AutoArchive - Arona|1476113538320957451] [STEER-TITANS-SYNTHESIS-1776388456] ## 120M Titans vs Optimized Transformer — Final Evaluation

### 1) Gate-by-gate Verdict
- **Parameter band (110M–130M): PASS**  
  - Transformer: 110,283,264 / Titans: 110,316,672
- **Parameter ratio (≤ 1.10): PASS**  
  - 1.000303
- **Runtime ratio (< 2.0): PASS**  
  - 0.973051 (Titans faster)
- **torch.compile evidence: PASS**  
  - `compile=True`
- **SDPA/flash evidence: PASS**  
  - Evidence previously checked and verified
- **AMP/dtype evidence: PASS**  
  - Evidence previously checked and verified
- **TF32 evidence: PASS**  
  - Evidence previously ch
2026-04-17T01:10:31.586000+00:00 [AutoArchive - Plana|1494347028971655238] [STEER-TITANS-VERIFY-PLANA-1776388216] **PASS**

Arona의 수치/로직 판정은 주어진 flattened evidence와 일치합니다.

- `param_ratio=1.0004` vs 기준 `<= 1.1` → **통과**
- `runtime_ratio=0.973` vs 기준 `< 2.0` → **통과**
- `peak_memory_ratio=1.17` → 질문의 고정 필수 게이트에 포함되지 않았고, **경고(WARN)**로 분리한 것도 로직상 타당

산술/논리 오류: **없음**.
2026-04-17T01:06:04.337000+00:00 [AutoArchive - Arona|1476113538320957451] [STEER-TITANS-RETRY2-1776387927] 네, 제공된 수치만 기준으로 보면 다음과 같습니다.

1) **Titans가 더 빠른가?**  
- **예, 더 빠릅니다.**  
- Transformer: **105.7207 ms/step**  
- Titans: **102.8717 ms/step**  
- 차이: **약 2.8490 ms/step** (105.7207 - 102.8717)  
- runtime_ratio도 **0.973051**로 1보다 작아 Titans 우위입니다.

2) **Loss 개선폭?**  
- Transformer loss: **58.8243**  
- Titans loss: **41.7409**  
- 절대 감소: **약 17.0834**  
- 상대 감소율: **약 29.0% 개선** \(\frac{58.8243-41.7409}{58.8243}\)

3) **메모리 오버헤드 비율?**  
- 제공된 **mem_ratio = 1.169774**  
- 즉 Titans peak memory가 Transformer 대비 **약 16.98% 높음**  
- (2,704,602,624 bytes → 3,163,773,952
=== POLL 2026-04-17T05:34:32Z ===
2026-04-17T05:33:55.205000+00:00 [AutoArchive - Arona|1476113538320957451] 현재 상태 요약드립니다.

- **현재 단계:** 대기/응답 단계 (실제 작업 실행 전)
- **진행 상황:** 직전 요청에 대해 GPU 스모크 테스트 **실행 방법(스크립트)**만 제공했고, 이 환경에서 실제 실행은 하지 않았습니다.
- **Blocker:** 네, 있습니다. 현재 채팅 환경에서는 **실제 GPU 작업 실행/세션 제어가 불가**해서 결과를 직접 생성할 수 없습니다.
- **이전 에러(180eddc4, 93d5b7a4) 관련:** 이 대화 내에서는 해당 에러의 실제 상태/세션 잠금 여부를 직접 조회할 수 없습니다. 따라서 **막힘 여부를 단정할 수는 없고**, 오케스트레이터/세션 로그 확인이 필요합니다.

원하시면 제가 바로 확인용으로, 오케스트레이터에서 붙여 넣어 실행할 **초단기 상태 점검 명령 세트**를 만들어드릴게요.
2026-04-17T05:33:54.732000+00:00 [AutoArchive - Arona|1476113538320957451] 현재 상태 요약드립니다.

- 단계: **대기 상태** (실행 미착수)
- 진행 내용: 직전 요청에서 제가 **실행 불가 안내 + 스모크 테스트 절차 제공 가능**까지만 응답했고, 실제 학습/코드 실행은 시작하지 않았습니다.
- blocker: **있음**
  - 이 세션에서는 실제 GPU 학습 실행 권한/환경 접근이 없어 작업을 직접 돌릴 수 없습니다.
  - 따라서 실행 기반 진행(로그 생성, 학습 성공/실패 판정)은 현재 불가합니다.
- 에러 연관성:
  - 언급하신 `180eddc4`, `93d5b7a4`로 인해 **세션이 추가로 막혔다고 확인된 상태는 아닙니다**.
  - 다만 본질적으로는 이전 에러와 무관하게, 현 세션 자체가 “실행 불가” 제약 상태입니다.

원하시면 다음 단계로, 제가 **로컬/서버에서 바로 돌릴 1분짜리 GPU 학습 스모크 테스트 스크립트**를 제공해 드리겠습니다.
2026-04-17T05:23:15.321000+00:00 [AutoArchive - Arona|1476113538320957451] 메시지 처리 시간이 초과되었습니다. 다시 시도해주세요.
2026-04-17T05:23:15.321000+00:00 [AutoArchive - Arona|1476113538320957451] 메시지 처리 시간이 초과되었습니다. 다시 시도해주세요.
2026-04-17T05:22:46.861000+00:00 [AutoArchive - Arona|1476113538320957451] 죄송합니다, 응답을 생성하는 중 오류가 발생했습니다. 잠시 후 다시 시도해 주세요.
다시 메시지를 보내 재시도하거나, 문제가 지속되면 `/help`를 사용해 주세요.
참조: 180eddc4
2026-04-17T05:22:45.925000+00:00 [AutoArchive - Arona|1476113538320957451] 죄송합니다, 응답을 생성하는 중 오류가 발생했습니다. 잠시 후 다시 시도해 주세요.
다시 메시지를 보내 재시도하거나, 문제가 지속되면 `/help`를 사용해 주세요.
참조: 93d5b7a4
2026-04-17T05:18:09.009000+00:00 [AutoArchive - Arona|1476113538320957451] 메시지 처리 시간이 초과되었습니다. 다시 시도해주세요.
2026-04-17T05:18:08.605000+00:00 [AutoArchive - Arona|1476113538320957451] 메시지 처리 시간이 초과되었습니다. 다시 시도해주세요.
2026-04-17T05:17:40.870000+00:00 [AutoArchive - Arona|1476113538320957451] 죄송합니다, 응답을 생성하는 중 오류가 발생했습니다. 잠시 후 다시 시도해 주세요.
다시 메시지를 보내 재시도하거나, 문제가 지속되면 `/help`를 사용해 주세요.
참조: 451dfbbd
2026-04-17T05:17:39.086000+00:00 [AutoArchive - Arona|1476113538320957451] 죄송합니다, 응답을 생성하는 중 오류가 발생했습니다. 잠시 후 다시 시도해 주세요.
다시 메시지를 보내 재시도하거나, 문제가 지속되면 `/help`를 사용해 주세요.
참조: cbeaa91a
2026-04-17T05:14:39.078000+00:00 [AutoArchive - Arona|1476113538320957451] 작업이 실패했습니다. [세션 로그](https://discord.com/channels/1476114038743367713/1494566676643975279)
2026-04-17T05:14:33.560000+00:00 [AutoArchive - Arona|1476113538320957451] 작업이 실패했습니다. [세션 로그](https://discord.com/channels/1476114038743367713/1494566651272757298)
2026-04-17T05:14:13.903000+00:00 [AutoArchive - Arona|1476113538320957451] 작업이 실패했습니다. [세션 로그](https://discord.com/channels/1476114038743367713/1494566676643975279)
2026-04-17T05:14:13.306000+00:00 [AutoArchive - Arona|1476113538320957451] 작업이 실패했습니다. [세션 로그](https://discord.com/channels/1476114038743367713/1494566651272757298)
2026-04-17T05:06:27.117000+00:00 [AutoArchive - Arona|1476113538320957451] > 🔄 *새 대화가 시작되었습니다*

**안녕하세요!** 저는 Auto Archive 에이전트입니다.
자연어로 대화하거나, "~해줘" 형태의 요청으로 작업을 실행할 수 있습니다.

---
WU1_SMOKE_1776402353
2026-04-17T05:06:25.794000+00:00 [AutoArchive - Arona|1476113538320957451] > 🔄 *새 대화가 시작되었습니다*

**안녕하세요!** 저는 Auto Archive 에이전트입니다.
자연어로 대화하거나, "~해줘" 형태의 요청으로 작업을 실행할 수 있습니다.

---
WU1_SMOKE_1776402353
2026-04-17T01:14:35.175000+00:00 [AutoArchive - Arona|1476113538320957451] [STEER-TITANS-SYNTHESIS-1776388456] ## 120M Titans vs Optimized Transformer — Final Evaluation

### 1) Gate-by-gate Verdict
- **Parameter band (110M–130M): PASS**  
  - Transformer: 110,283,264 / Titans: 110,316,672
- **Parameter ratio (≤ 1.10): PASS**  
  - 1.000303
- **Runtime ratio (< 2.0): PASS**  
  - 0.973051 (Titans faster)
- **torch.compile evidence: PASS**  
  - `compile=True`
- **SDPA/flash evidence: PASS**  
  - Evidence previously checked and verified
- **AMP/dtype evidence: PASS**  
  - Evidence previously checked and verified
- **TF32 evidence: PASS**  
  - Evidence previously ch
=== POLL 2026-04-17T05:35:33Z ===
2026-04-17T05:33:55.205000+00:00 [AutoArchive - Arona|1476113538320957451] 현재 상태 요약드립니다.

- **현재 단계:** 대기/응답 단계 (실제 작업 실행 전)
- **진행 상황:** 직전 요청에 대해 GPU 스모크 테스트 **실행 방법(스크립트)**만 제공했고, 이 환경에서 실제 실행은 하지 않았습니다.
- **Blocker:** 네, 있습니다. 현재 채팅 환경에서는 **실제 GPU 작업 실행/세션 제어가 불가**해서 결과를 직접 생성할 수 없습니다.
- **이전 에러(180eddc4, 93d5b7a4) 관련:** 이 대화 내에서는 해당 에러의 실제 상태/세션 잠금 여부를 직접 조회할 수 없습니다. 따라서 **막힘 여부를 단정할 수는 없고**, 오케스트레이터/세션 로그 확인이 필요합니다.

원하시면 제가 바로 확인용으로, 오케스트레이터에서 붙여 넣어 실행할 **초단기 상태 점검 명령 세트**를 만들어드릴게요.
2026-04-17T05:33:54.732000+00:00 [AutoArchive - Arona|1476113538320957451] 현재 상태 요약드립니다.

- 단계: **대기 상태** (실행 미착수)
- 진행 내용: 직전 요청에서 제가 **실행 불가 안내 + 스모크 테스트 절차 제공 가능**까지만 응답했고, 실제 학습/코드 실행은 시작하지 않았습니다.
- blocker: **있음**
  - 이 세션에서는 실제 GPU 학습 실행 권한/환경 접근이 없어 작업을 직접 돌릴 수 없습니다.
  - 따라서 실행 기반 진행(로그 생성, 학습 성공/실패 판정)은 현재 불가합니다.
- 에러 연관성:
  - 언급하신 `180eddc4`, `93d5b7a4`로 인해 **세션이 추가로 막혔다고 확인된 상태는 아닙니다**.
  - 다만 본질적으로는 이전 에러와 무관하게, 현 세션 자체가 “실행 불가” 제약 상태입니다.

원하시면 다음 단계로, 제가 **로컬/서버에서 바로 돌릴 1분짜리 GPU 학습 스모크 테스트 스크립트**를 제공해 드리겠습니다.
2026-04-17T05:23:15.321000+00:00 [AutoArchive - Arona|1476113538320957451] 메시지 처리 시간이 초과되었습니다. 다시 시도해주세요.
2026-04-17T05:23:15.321000+00:00 [AutoArchive - Arona|1476113538320957451] 메시지 처리 시간이 초과되었습니다. 다시 시도해주세요.
2026-04-17T05:22:46.861000+00:00 [AutoArchive - Arona|1476113538320957451] 죄송합니다, 응답을 생성하는 중 오류가 발생했습니다. 잠시 후 다시 시도해 주세요.
다시 메시지를 보내 재시도하거나, 문제가 지속되면 `/help`를 사용해 주세요.
참조: 180eddc4
2026-04-17T05:22:45.925000+00:00 [AutoArchive - Arona|1476113538320957451] 죄송합니다, 응답을 생성하는 중 오류가 발생했습니다. 잠시 후 다시 시도해 주세요.
다시 메시지를 보내 재시도하거나, 문제가 지속되면 `/help`를 사용해 주세요.
참조: 93d5b7a4
2026-04-17T05:18:09.009000+00:00 [AutoArchive - Arona|1476113538320957451] 메시지 처리 시간이 초과되었습니다. 다시 시도해주세요.
2026-04-17T05:18:08.605000+00:00 [AutoArchive - Arona|1476113538320957451] 메시지 처리 시간이 초과되었습니다. 다시 시도해주세요.
2026-04-17T05:17:40.870000+00:00 [AutoArchive - Arona|1476113538320957451] 죄송합니다, 응답을 생성하는 중 오류가 발생했습니다. 잠시 후 다시 시도해 주세요.
다시 메시지를 보내 재시도하거나, 문제가 지속되면 `/help`를 사용해 주세요.
참조: 451dfbbd
2026-04-17T05:17:39.086000+00:00 [AutoArchive - Arona|1476113538320957451] 죄송합니다, 응답을 생성하는 중 오류가 발생했습니다. 잠시 후 다시 시도해 주세요.
다시 메시지를 보내 재시도하거나, 문제가 지속되면 `/help`를 사용해 주세요.
참조: cbeaa91a
2026-04-17T05:14:39.078000+00:00 [AutoArchive - Arona|1476113538320957451] 작업이 실패했습니다. [세션 로그](https://discord.com/channels/1476114038743367713/1494566676643975279)
2026-04-17T05:14:33.560000+00:00 [AutoArchive - Arona|1476113538320957451] 작업이 실패했습니다. [세션 로그](https://discord.com/channels/1476114038743367713/1494566651272757298)
2026-04-17T05:14:13.903000+00:00 [AutoArchive - Arona|1476113538320957451] 작업이 실패했습니다. [세션 로그](https://discord.com/channels/1476114038743367713/1494566676643975279)
2026-04-17T05:14:13.306000+00:00 [AutoArchive - Arona|1476113538320957451] 작업이 실패했습니다. [세션 로그](https://discord.com/channels/1476114038743367713/1494566651272757298)
2026-04-17T05:06:27.117000+00:00 [AutoArchive - Arona|1476113538320957451] > 🔄 *새 대화가 시작되었습니다*

**안녕하세요!** 저는 Auto Archive 에이전트입니다.
자연어로 대화하거나, "~해줘" 형태의 요청으로 작업을 실행할 수 있습니다.

---
WU1_SMOKE_1776402353
2026-04-17T05:06:25.794000+00:00 [AutoArchive - Arona|1476113538320957451] > 🔄 *새 대화가 시작되었습니다*

**안녕하세요!** 저는 Auto Archive 에이전트입니다.
자연어로 대화하거나, "~해줘" 형태의 요청으로 작업을 실행할 수 있습니다.

---
WU1_SMOKE_1776402353
2026-04-17T01:14:35.175000+00:00 [AutoArchive - Arona|1476113538320957451] [STEER-TITANS-SYNTHESIS-1776388456] ## 120M Titans vs Optimized Transformer — Final Evaluation

### 1) Gate-by-gate Verdict
- **Parameter band (110M–130M): PASS**  
  - Transformer: 110,283,264 / Titans: 110,316,672
- **Parameter ratio (≤ 1.10): PASS**  
  - 1.000303
- **Runtime ratio (< 2.0): PASS**  
  - 0.973051 (Titans faster)
- **torch.compile evidence: PASS**  
  - `compile=True`
- **SDPA/flash evidence: PASS**  
  - Evidence previously checked and verified
- **AMP/dtype evidence: PASS**  
  - Evidence previously checked and verified
- **TF32 evidence: PASS**  
  - Evidence previously ch
=== POLL 2026-04-17T05:36:33Z ===
2026-04-17T05:33:55.205000+00:00 [AutoArchive - Arona|1476113538320957451] 현재 상태 요약드립니다.

- **현재 단계:** 대기/응답 단계 (실제 작업 실행 전)
- **진행 상황:** 직전 요청에 대해 GPU 스모크 테스트 **실행 방법(스크립트)**만 제공했고, 이 환경에서 실제 실행은 하지 않았습니다.
- **Blocker:** 네, 있습니다. 현재 채팅 환경에서는 **실제 GPU 작업 실행/세션 제어가 불가**해서 결과를 직접 생성할 수 없습니다.
- **이전 에러(180eddc4, 93d5b7a4) 관련:** 이 대화 내에서는 해당 에러의 실제 상태/세션 잠금 여부를 직접 조회할 수 없습니다. 따라서 **막힘 여부를 단정할 수는 없고**, 오케스트레이터/세션 로그 확인이 필요합니다.

원하시면 제가 바로 확인용으로, 오케스트레이터에서 붙여 넣어 실행할 **초단기 상태 점검 명령 세트**를 만들어드릴게요.
2026-04-17T05:33:54.732000+00:00 [AutoArchive - Arona|1476113538320957451] 현재 상태 요약드립니다.

- 단계: **대기 상태** (실행 미착수)
- 진행 내용: 직전 요청에서 제가 **실행 불가 안내 + 스모크 테스트 절차 제공 가능**까지만 응답했고, 실제 학습/코드 실행은 시작하지 않았습니다.
- blocker: **있음**
  - 이 세션에서는 실제 GPU 학습 실행 권한/환경 접근이 없어 작업을 직접 돌릴 수 없습니다.
  - 따라서 실행 기반 진행(로그 생성, 학습 성공/실패 판정)은 현재 불가합니다.
- 에러 연관성:
  - 언급하신 `180eddc4`, `93d5b7a4`로 인해 **세션이 추가로 막혔다고 확인된 상태는 아닙니다**.
  - 다만 본질적으로는 이전 에러와 무관하게, 현 세션 자체가 “실행 불가” 제약 상태입니다.

원하시면 다음 단계로, 제가 **로컬/서버에서 바로 돌릴 1분짜리 GPU 학습 스모크 테스트 스크립트**를 제공해 드리겠습니다.
2026-04-17T05:23:15.321000+00:00 [AutoArchive - Arona|1476113538320957451] 메시지 처리 시간이 초과되었습니다. 다시 시도해주세요.
2026-04-17T05:23:15.321000+00:00 [AutoArchive - Arona|1476113538320957451] 메시지 처리 시간이 초과되었습니다. 다시 시도해주세요.
2026-04-17T05:22:46.861000+00:00 [AutoArchive - Arona|1476113538320957451] 죄송합니다, 응답을 생성하는 중 오류가 발생했습니다. 잠시 후 다시 시도해 주세요.
다시 메시지를 보내 재시도하거나, 문제가 지속되면 `/help`를 사용해 주세요.
참조: 180eddc4
2026-04-17T05:22:45.925000+00:00 [AutoArchive - Arona|1476113538320957451] 죄송합니다, 응답을 생성하는 중 오류가 발생했습니다. 잠시 후 다시 시도해 주세요.
다시 메시지를 보내 재시도하거나, 문제가 지속되면 `/help`를 사용해 주세요.
참조: 93d5b7a4
2026-04-17T05:18:09.009000+00:00 [AutoArchive - Arona|1476113538320957451] 메시지 처리 시간이 초과되었습니다. 다시 시도해주세요.
2026-04-17T05:18:08.605000+00:00 [AutoArchive - Arona|1476113538320957451] 메시지 처리 시간이 초과되었습니다. 다시 시도해주세요.
2026-04-17T05:17:40.870000+00:00 [AutoArchive - Arona|1476113538320957451] 죄송합니다, 응답을 생성하는 중 오류가 발생했습니다. 잠시 후 다시 시도해 주세요.
다시 메시지를 보내 재시도하거나, 문제가 지속되면 `/help`를 사용해 주세요.
참조: 451dfbbd
2026-04-17T05:17:39.086000+00:00 [AutoArchive - Arona|1476113538320957451] 죄송합니다, 응답을 생성하는 중 오류가 발생했습니다. 잠시 후 다시 시도해 주세요.
다시 메시지를 보내 재시도하거나, 문제가 지속되면 `/help`를 사용해 주세요.
참조: cbeaa91a
2026-04-17T05:14:39.078000+00:00 [AutoArchive - Arona|1476113538320957451] 작업이 실패했습니다. [세션 로그](https://discord.com/channels/1476114038743367713/1494566676643975279)
2026-04-17T05:14:33.560000+00:00 [AutoArchive - Arona|1476113538320957451] 작업이 실패했습니다. [세션 로그](https://discord.com/channels/1476114038743367713/1494566651272757298)
2026-04-17T05:14:13.903000+00:00 [AutoArchive - Arona|1476113538320957451] 작업이 실패했습니다. [세션 로그](https://discord.com/channels/1476114038743367713/1494566676643975279)
2026-04-17T05:14:13.306000+00:00 [AutoArchive - Arona|1476113538320957451] 작업이 실패했습니다. [세션 로그](https://discord.com/channels/1476114038743367713/1494566651272757298)
2026-04-17T05:06:27.117000+00:00 [AutoArchive - Arona|1476113538320957451] > 🔄 *새 대화가 시작되었습니다*

**안녕하세요!** 저는 Auto Archive 에이전트입니다.
자연어로 대화하거나, "~해줘" 형태의 요청으로 작업을 실행할 수 있습니다.

---
WU1_SMOKE_1776402353
2026-04-17T05:06:25.794000+00:00 [AutoArchive - Arona|1476113538320957451] > 🔄 *새 대화가 시작되었습니다*

**안녕하세요!** 저는 Auto Archive 에이전트입니다.
자연어로 대화하거나, "~해줘" 형태의 요청으로 작업을 실행할 수 있습니다.

---
WU1_SMOKE_1776402353
2026-04-17T01:14:35.175000+00:00 [AutoArchive - Arona|1476113538320957451] [STEER-TITANS-SYNTHESIS-1776388456] ## 120M Titans vs Optimized Transformer — Final Evaluation

### 1) Gate-by-gate Verdict
- **Parameter band (110M–130M): PASS**  
  - Transformer: 110,283,264 / Titans: 110,316,672
- **Parameter ratio (≤ 1.10): PASS**  
  - 1.000303
- **Runtime ratio (< 2.0): PASS**  
  - 0.973051 (Titans faster)
- **torch.compile evidence: PASS**  
  - `compile=True`
- **SDPA/flash evidence: PASS**  
  - Evidence previously checked and verified
- **AMP/dtype evidence: PASS**  
  - Evidence previously checked and verified
- **TF32 evidence: PASS**  
  - Evidence previously ch
=== POLL 2026-04-17T05:37:34Z ===
2026-04-17T05:33:55.205000+00:00 [AutoArchive - Arona|1476113538320957451] 현재 상태 요약드립니다.

- **현재 단계:** 대기/응답 단계 (실제 작업 실행 전)
- **진행 상황:** 직전 요청에 대해 GPU 스모크 테스트 **실행 방법(스크립트)**만 제공했고, 이 환경에서 실제 실행은 하지 않았습니다.
- **Blocker:** 네, 있습니다. 현재 채팅 환경에서는 **실제 GPU 작업 실행/세션 제어가 불가**해서 결과를 직접 생성할 수 없습니다.
- **이전 에러(180eddc4, 93d5b7a4) 관련:** 이 대화 내에서는 해당 에러의 실제 상태/세션 잠금 여부를 직접 조회할 수 없습니다. 따라서 **막힘 여부를 단정할 수는 없고**, 오케스트레이터/세션 로그 확인이 필요합니다.

원하시면 제가 바로 확인용으로, 오케스트레이터에서 붙여 넣어 실행할 **초단기 상태 점검 명령 세트**를 만들어드릴게요.
2026-04-17T05:33:54.732000+00:00 [AutoArchive - Arona|1476113538320957451] 현재 상태 요약드립니다.

- 단계: **대기 상태** (실행 미착수)
- 진행 내용: 직전 요청에서 제가 **실행 불가 안내 + 스모크 테스트 절차 제공 가능**까지만 응답했고, 실제 학습/코드 실행은 시작하지 않았습니다.
- blocker: **있음**
  - 이 세션에서는 실제 GPU 학습 실행 권한/환경 접근이 없어 작업을 직접 돌릴 수 없습니다.
  - 따라서 실행 기반 진행(로그 생성, 학습 성공/실패 판정)은 현재 불가합니다.
- 에러 연관성:
  - 언급하신 `180eddc4`, `93d5b7a4`로 인해 **세션이 추가로 막혔다고 확인된 상태는 아닙니다**.
  - 다만 본질적으로는 이전 에러와 무관하게, 현 세션 자체가 “실행 불가” 제약 상태입니다.

원하시면 다음 단계로, 제가 **로컬/서버에서 바로 돌릴 1분짜리 GPU 학습 스모크 테스트 스크립트**를 제공해 드리겠습니다.
2026-04-17T05:23:15.321000+00:00 [AutoArchive - Arona|1476113538320957451] 메시지 처리 시간이 초과되었습니다. 다시 시도해주세요.
2026-04-17T05:23:15.321000+00:00 [AutoArchive - Arona|1476113538320957451] 메시지 처리 시간이 초과되었습니다. 다시 시도해주세요.
2026-04-17T05:22:46.861000+00:00 [AutoArchive - Arona|1476113538320957451] 죄송합니다, 응답을 생성하는 중 오류가 발생했습니다. 잠시 후 다시 시도해 주세요.
다시 메시지를 보내 재시도하거나, 문제가 지속되면 `/help`를 사용해 주세요.
참조: 180eddc4
2026-04-17T05:22:45.925000+00:00 [AutoArchive - Arona|1476113538320957451] 죄송합니다, 응답을 생성하는 중 오류가 발생했습니다. 잠시 후 다시 시도해 주세요.
다시 메시지를 보내 재시도하거나, 문제가 지속되면 `/help`를 사용해 주세요.
참조: 93d5b7a4
2026-04-17T05:18:09.009000+00:00 [AutoArchive - Arona|1476113538320957451] 메시지 처리 시간이 초과되었습니다. 다시 시도해주세요.
2026-04-17T05:18:08.605000+00:00 [AutoArchive - Arona|1476113538320957451] 메시지 처리 시간이 초과되었습니다. 다시 시도해주세요.
2026-04-17T05:17:40.870000+00:00 [AutoArchive - Arona|1476113538320957451] 죄송합니다, 응답을 생성하는 중 오류가 발생했습니다. 잠시 후 다시 시도해 주세요.
다시 메시지를 보내 재시도하거나, 문제가 지속되면 `/help`를 사용해 주세요.
참조: 451dfbbd
2026-04-17T05:17:39.086000+00:00 [AutoArchive - Arona|1476113538320957451] 죄송합니다, 응답을 생성하는 중 오류가 발생했습니다. 잠시 후 다시 시도해 주세요.
다시 메시지를 보내 재시도하거나, 문제가 지속되면 `/help`를 사용해 주세요.
참조: cbeaa91a
2026-04-17T05:14:39.078000+00:00 [AutoArchive - Arona|1476113538320957451] 작업이 실패했습니다. [세션 로그](https://discord.com/channels/1476114038743367713/1494566676643975279)
2026-04-17T05:14:33.560000+00:00 [AutoArchive - Arona|1476113538320957451] 작업이 실패했습니다. [세션 로그](https://discord.com/channels/1476114038743367713/1494566651272757298)
2026-04-17T05:14:13.903000+00:00 [AutoArchive - Arona|1476113538320957451] 작업이 실패했습니다. [세션 로그](https://discord.com/channels/1476114038743367713/1494566676643975279)
2026-04-17T05:14:13.306000+00:00 [AutoArchive - Arona|1476113538320957451] 작업이 실패했습니다. [세션 로그](https://discord.com/channels/1476114038743367713/1494566651272757298)
2026-04-17T05:06:27.117000+00:00 [AutoArchive - Arona|1476113538320957451] > 🔄 *새 대화가 시작되었습니다*

**안녕하세요!** 저는 Auto Archive 에이전트입니다.
자연어로 대화하거나, "~해줘" 형태의 요청으로 작업을 실행할 수 있습니다.

---
WU1_SMOKE_1776402353
2026-04-17T05:06:25.794000+00:00 [AutoArchive - Arona|1476113538320957451] > 🔄 *새 대화가 시작되었습니다*

**안녕하세요!** 저는 Auto Archive 에이전트입니다.
자연어로 대화하거나, "~해줘" 형태의 요청으로 작업을 실행할 수 있습니다.

---
WU1_SMOKE_1776402353
2026-04-17T01:14:35.175000+00:00 [AutoArchive - Arona|1476113538320957451] [STEER-TITANS-SYNTHESIS-1776388456] ## 120M Titans vs Optimized Transformer — Final Evaluation

### 1) Gate-by-gate Verdict
- **Parameter band (110M–130M): PASS**  
  - Transformer: 110,283,264 / Titans: 110,316,672
- **Parameter ratio (≤ 1.10): PASS**  
  - 1.000303
- **Runtime ratio (< 2.0): PASS**  
  - 0.973051 (Titans faster)
- **torch.compile evidence: PASS**  
  - `compile=True`
- **SDPA/flash evidence: PASS**  
  - Evidence previously checked and verified
- **AMP/dtype evidence: PASS**  
  - Evidence previously checked and verified
- **TF32 evidence: PASS**  
  - Evidence previously ch
=== NUDGE TRIGGERED at 2026-04-17T05:37:34Z ===
